{"meta": {"format": 3, "version": "7.12.0", "timestamp": "2025-11-23T09:25:50.142743", "branch_coverage": false, "show_contexts": false}, "files": {"qa_core/__init__.py": {"executed_lines": [1, 3], "summary": {"covered_lines": 1, "num_statements": 1, "percent_covered": 100.0, "percent_covered_display": "100", "missing_lines": 0, "excluded_lines": 0, "percent_statements_covered": 100.0, "percent_statements_covered_display": "100"}, "missing_lines": [], "excluded_lines": [], "functions": {"": {"executed_lines": [1, 3], "summary": {"covered_lines": 1, "num_statements": 1, "percent_covered": 100.0, "percent_covered_display": "100", "missing_lines": 0, "excluded_lines": 0, "percent_statements_covered": 100.0, "percent_statements_covered_display": "100"}, "missing_lines": [], "excluded_lines": []}}, "classes": {"": {"executed_lines": [1, 3], "summary": {"covered_lines": 1, "num_statements": 1, "percent_covered": 100.0, "percent_covered_display": "100", "missing_lines": 0, "excluded_lines": 0, "percent_statements_covered": 100.0, "percent_statements_covered_display": "100"}, "missing_lines": [], "excluded_lines": []}}}, "qa_core/a11y.py": {"executed_lines": [17, 19, 20, 22, 23, 24, 25, 32, 51, 52, 55, 57, 60, 63, 128, 129, 134, 140, 376, 412, 413, 414, 415, 416, 417, 419, 420, 422, 423, 425, 426, 428, 430, 440, 464, 465, 467, 469, 472, 474, 477, 501, 503, 510, 511, 514, 526, 527, 551, 561, 562, 584, 608, 609, 611, 654, 659, 660, 661, 662, 663, 665, 666, 668, 669, 670, 673, 678, 687, 693, 694, 695, 696, 697, 699, 706], "summary": {"covered_lines": 75, "num_statements": 75, "percent_covered": 100.0, "percent_covered_display": "100", "missing_lines": 0, "excluded_lines": 11, "percent_statements_covered": 100.0, "percent_statements_covered_display": "100"}, "missing_lines": [], "excluded_lines": [706, 707, 708, 709, 710, 711, 712, 713, 714, 715, 716], "functions": {"apply_accessible_styles": {"executed_lines": [51, 52, 55, 57], "summary": {"covered_lines": 4, "num_statements": 4, "percent_covered": 100.0, "percent_covered_display": "100", "missing_lines": 0, "excluded_lines": 0, "percent_statements_covered": 100.0, "percent_statements_covered_display": "100"}, "missing_lines": [], "excluded_lines": []}, "_apply_theme_styles": {"executed_lines": [63, 128, 129], "summary": {"covered_lines": 3, "num_statements": 3, "percent_covered": 100.0, "percent_covered_display": "100", "missing_lines": 0, "excluded_lines": 0, "percent_statements_covered": 100.0, "percent_statements_covered_display": "100"}, "missing_lines": [], "excluded_lines": []}, "_get_base_theme_css": {"executed_lines": [140], "summary": {"covered_lines": 1, "num_statements": 1, "percent_covered": 100.0, "percent_covered_display": "100", "missing_lines": 0, "excluded_lines": 0, "percent_statements_covered": 100.0, "percent_statements_covered_display": "100"}, "missing_lines": [], "excluded_lines": []}, "accessible_text_area": {"executed_lines": [412, 413, 414, 415, 416, 417, 419, 420, 422, 423, 425, 426, 428, 430], "summary": {"covered_lines": 14, "num_statements": 14, "percent_covered": 100.0, "percent_covered_display": "100", "missing_lines": 0, "excluded_lines": 0, "percent_statements_covered": 100.0, "percent_statements_covered_display": "100"}, "missing_lines": [], "excluded_lines": []}, "accessible_button": {"executed_lines": [464, 465, 467, 469], "summary": {"covered_lines": 4, "num_statements": 4, "percent_covered": 100.0, "percent_covered_display": "100", "missing_lines": 0, "excluded_lines": 0, "percent_statements_covered": 100.0, "percent_statements_covered_display": "100"}, "missing_lines": [], "excluded_lines": []}, "_resolve_streamlit_api": {"executed_lines": [474], "summary": {"covered_lines": 1, "num_statements": 1, "percent_covered": 100.0, "percent_covered_display": "100", "missing_lines": 0, "excluded_lines": 0, "percent_statements_covered": 100.0, "percent_statements_covered_display": "100"}, "missing_lines": [], "excluded_lines": []}, "announce": {"executed_lines": [501, 503, 510, 511], "summary": {"covered_lines": 4, "num_statements": 4, "percent_covered": 100.0, "percent_covered_display": "100", "missing_lines": 0, "excluded_lines": 0, "percent_statements_covered": 100.0, "percent_statements_covered_display": "100"}, "missing_lines": [], "excluded_lines": []}, "render_keyboard_shortcuts_guide": {"executed_lines": [526, 527], "summary": {"covered_lines": 2, "num_statements": 2, "percent_covered": 100.0, "percent_covered_display": "100", "missing_lines": 0, "excluded_lines": 0, "percent_statements_covered": 100.0, "percent_statements_covered_display": "100"}, "missing_lines": [], "excluded_lines": []}, "render_accessibility_info": {"executed_lines": [561, 562], "summary": {"covered_lines": 2, "num_statements": 2, "percent_covered": 100.0, "percent_covered_display": "100", "missing_lines": 0, "excluded_lines": 0, "percent_statements_covered": 100.0, "percent_statements_covered_display": "100"}, "missing_lines": [], "excluded_lines": []}, "check_accessibility_preferences": {"executed_lines": [608, 609, 611, 654, 659, 660, 661, 662, 663, 665, 666, 668, 669, 670], "summary": {"covered_lines": 14, "num_statements": 14, "percent_covered": 100.0, "percent_covered_display": "100", "missing_lines": 0, "excluded_lines": 0, "percent_statements_covered": 100.0, "percent_statements_covered_display": "100"}, "missing_lines": [], "excluded_lines": []}, "_normalize_preferences": {"executed_lines": [678], "summary": {"covered_lines": 1, "num_statements": 1, "percent_covered": 100.0, "percent_covered_display": "100", "missing_lines": 0, "excluded_lines": 0, "percent_statements_covered": 100.0, "percent_statements_covered_display": "100"}, "missing_lines": [], "excluded_lines": []}, "_persist_preferences": {"executed_lines": [693, 694, 695, 696, 697, 699], "summary": {"covered_lines": 6, "num_statements": 6, "percent_covered": 100.0, "percent_covered_display": "100", "missing_lines": 0, "excluded_lines": 0, "percent_statements_covered": 100.0, "percent_statements_covered_display": "100"}, "missing_lines": [], "excluded_lines": []}, "": {"executed_lines": [17, 19, 20, 22, 23, 24, 25, 32, 60, 134, 376, 440, 472, 477, 514, 551, 584, 673, 687, 706], "summary": {"covered_lines": 19, "num_statements": 19, "percent_covered": 100.0, "percent_covered_display": "100", "missing_lines": 0, "excluded_lines": 11, "percent_statements_covered": 100.0, "percent_statements_covered_display": "100"}, "missing_lines": [], "excluded_lines": [706, 707, 708, 709, 710, 711, 712, 713, 714, 715, 716]}}, "classes": {"": {"executed_lines": [17, 19, 20, 22, 23, 24, 25, 32, 51, 52, 55, 57, 60, 63, 128, 129, 134, 140, 376, 412, 413, 414, 415, 416, 417, 419, 420, 422, 423, 425, 426, 428, 430, 440, 464, 465, 467, 469, 472, 474, 477, 501, 503, 510, 511, 514, 526, 527, 551, 561, 562, 584, 608, 609, 611, 654, 659, 660, 661, 662, 663, 665, 666, 668, 669, 670, 673, 678, 687, 693, 694, 695, 696, 697, 699, 706], "summary": {"covered_lines": 75, "num_statements": 75, "percent_covered": 100.0, "percent_covered_display": "100", "missing_lines": 0, "excluded_lines": 11, "percent_statements_covered": 100.0, "percent_statements_covered_display": "100"}, "missing_lines": [], "excluded_lines": [706, 707, 708, 709, 710, 711, 712, 713, 714, 715, 716]}}}, "qa_core/config.py": {"executed_lines": [6, 9, 18], "summary": {"covered_lines": 3, "num_statements": 3, "percent_covered": 100.0, "percent_covered_display": "100", "missing_lines": 0, "excluded_lines": 0, "percent_statements_covered": 100.0, "percent_statements_covered_display": "100"}, "missing_lines": [], "excluded_lines": [], "functions": {"": {"executed_lines": [6, 9, 18], "summary": {"covered_lines": 3, "num_statements": 3, "percent_covered": 100.0, "percent_covered_display": "100", "missing_lines": 0, "excluded_lines": 0, "percent_statements_covered": 100.0, "percent_statements_covered_display": "100"}, "missing_lines": [], "excluded_lines": []}}, "classes": {"": {"executed_lines": [6, 9, 18], "summary": {"covered_lines": 3, "num_statements": 3, "percent_covered": 100.0, "percent_covered_display": "100", "missing_lines": 0, "excluded_lines": 0, "percent_statements_covered": 100.0, "percent_statements_covered_display": "100"}, "missing_lines": [], "excluded_lines": []}}}, "qa_core/database.py": {"executed_lines": [20, 21, 22, 23, 24, 26, 29, 32, 36, 39, 45, 47, 49, 52, 54, 55, 56, 59, 63, 64, 65, 66, 80, 86, 87, 88, 89, 92, 96, 97, 98, 99, 103, 104, 105, 108, 109, 112, 133, 135, 136, 137, 142, 143, 144, 145, 146, 167, 168, 169, 170, 173, 177, 178, 179, 180, 193, 194, 195, 196, 199, 203, 204, 205, 207, 210, 211, 212, 213, 215, 216, 217, 218, 219, 220, 223, 228, 229, 230, 231, 232, 233, 234, 235, 236, 239, 244, 245, 246, 247, 248, 249, 250, 251, 252], "summary": {"covered_lines": 95, "num_statements": 95, "percent_covered": 100.0, "percent_covered_display": "100", "missing_lines": 0, "excluded_lines": 0, "percent_statements_covered": 100.0, "percent_statements_covered_display": "100"}, "missing_lines": [], "excluded_lines": [], "functions": {"get_db_connection": {"executed_lines": [45, 47, 49, 52, 54, 55, 56], "summary": {"covered_lines": 7, "num_statements": 7, "percent_covered": 100.0, "percent_covered_display": "100", "missing_lines": 0, "excluded_lines": 0, "percent_statements_covered": 100.0, "percent_statements_covered_display": "100"}, "missing_lines": [], "excluded_lines": []}, "init_db": {"executed_lines": [63, 64, 65, 66, 80, 86, 87, 88, 89], "summary": {"covered_lines": 9, "num_statements": 9, "percent_covered": 100.0, "percent_covered_display": "100", "missing_lines": 0, "excluded_lines": 0, "percent_statements_covered": 100.0, "percent_statements_covered_display": "100"}, "missing_lines": [], "excluded_lines": []}, "_ensure_analysis_history_columns": {"executed_lines": [96, 97, 98, 99, 103, 104, 105, 108, 109], "summary": {"covered_lines": 9, "num_statements": 9, "percent_covered": 100.0, "percent_covered_display": "100", "missing_lines": 0, "excluded_lines": 0, "percent_statements_covered": 100.0, "percent_statements_covered_display": "100"}, "missing_lines": [], "excluded_lines": []}, "save_analysis_to_history": {"executed_lines": [133, 135, 136, 137, 142, 143, 144, 145, 146, 167, 168, 169, 170], "summary": {"covered_lines": 13, "num_statements": 13, "percent_covered": 100.0, "percent_covered_display": "100", "missing_lines": 0, "excluded_lines": 0, "percent_statements_covered": 100.0, "percent_statements_covered_display": "100"}, "missing_lines": [], "excluded_lines": []}, "get_all_analysis_history": {"executed_lines": [177, 178, 179, 180, 193, 194, 195, 196], "summary": {"covered_lines": 8, "num_statements": 8, "percent_covered": 100.0, "percent_covered_display": "100", "missing_lines": 0, "excluded_lines": 0, "percent_statements_covered": 100.0, "percent_statements_covered_display": "100"}, "missing_lines": [], "excluded_lines": []}, "get_analysis_by_id": {"executed_lines": [203, 204, 205, 207, 210, 211, 212, 213, 215, 216, 217, 218, 219, 220], "summary": {"covered_lines": 14, "num_statements": 14, "percent_covered": 100.0, "percent_covered_display": "100", "missing_lines": 0, "excluded_lines": 0, "percent_statements_covered": 100.0, "percent_statements_covered_display": "100"}, "missing_lines": [], "excluded_lines": []}, "delete_analysis_by_id": {"executed_lines": [228, 229, 230, 231, 232, 233, 234, 235, 236], "summary": {"covered_lines": 9, "num_statements": 9, "percent_covered": 100.0, "percent_covered_display": "100", "missing_lines": 0, "excluded_lines": 0, "percent_statements_covered": 100.0, "percent_statements_covered_display": "100"}, "missing_lines": [], "excluded_lines": []}, "clear_history": {"executed_lines": [244, 245, 246, 247, 248, 249, 250, 251, 252], "summary": {"covered_lines": 9, "num_statements": 9, "percent_covered": 100.0, "percent_covered_display": "100", "missing_lines": 0, "excluded_lines": 0, "percent_statements_covered": 100.0, "percent_statements_covered_display": "100"}, "missing_lines": [], "excluded_lines": []}, "": {"executed_lines": [20, 21, 22, 23, 24, 26, 29, 32, 36, 39, 59, 92, 112, 173, 199, 223, 239], "summary": {"covered_lines": 17, "num_statements": 17, "percent_covered": 100.0, "percent_covered_display": "100", "missing_lines": 0, "excluded_lines": 0, "percent_statements_covered": 100.0, "percent_statements_covered_display": "100"}, "missing_lines": [], "excluded_lines": []}}, "classes": {"": {"executed_lines": [20, 21, 22, 23, 24, 26, 29, 32, 36, 39, 45, 47, 49, 52, 54, 55, 56, 59, 63, 64, 65, 66, 80, 86, 87, 88, 89, 92, 96, 97, 98, 99, 103, 104, 105, 108, 109, 112, 133, 135, 136, 137, 142, 143, 144, 145, 146, 167, 168, 169, 170, 173, 177, 178, 179, 180, 193, 194, 195, 196, 199, 203, 204, 205, 207, 210, 211, 212, 213, 215, 216, 217, 218, 219, 220, 223, 228, 229, 230, 231, 232, 233, 234, 235, 236, 239, 244, 245, 246, 247, 248, 249, 250, 251, 252], "summary": {"covered_lines": 95, "num_statements": 95, "percent_covered": 100.0, "percent_covered_display": "100", "missing_lines": 0, "excluded_lines": 0, "percent_statements_covered": 100.0, "percent_statements_covered_display": "100"}, "missing_lines": [], "excluded_lines": []}}}, "qa_core/exports.py": {"executed_lines": [1, 2, 3, 4, 11, 24, 25, 26, 27, 35, 53, 54, 64, 65, 66, 68, 69, 70, 71, 73, 74, 86, 94, 115, 116, 118, 131, 132, 133, 135, 136, 138, 139, 142, 153, 154, 155, 156, 158, 159, 160, 161, 162, 165, 180, 181, 184, 185, 187, 188, 191, 193, 194, 196, 197, 211, 212, 214, 215, 216, 220, 223, 226, 227, 230, 233, 235, 236, 237, 245, 266, 275, 276, 277, 279, 280, 281, 283, 284, 286, 289, 291, 294, 295, 297, 298, 299, 300, 301, 305, 312, 315, 316, 317, 319, 322, 331, 332, 335, 337, 338, 339, 347, 371, 383, 384, 385, 387, 388, 391, 392, 393, 394, 396, 397, 399, 400, 401, 402, 403, 405, 410, 411, 412, 413, 414, 415, 417, 418, 420, 422, 424, 425, 427, 441, 442, 443, 451], "summary": {"covered_lines": 138, "num_statements": 139, "percent_covered": 99.28057553956835, "percent_covered_display": "99", "missing_lines": 1, "excluded_lines": 0, "percent_statements_covered": 99.28057553956835, "percent_statements_covered_display": "99"}, "missing_lines": [465], "excluded_lines": [], "functions": {"to_excel": {"executed_lines": [24, 25, 26, 27], "summary": {"covered_lines": 4, "num_statements": 4, "percent_covered": 100.0, "percent_covered_display": "100", "missing_lines": 0, "excluded_lines": 0, "percent_statements_covered": 100.0, "percent_statements_covered_display": "100"}, "missing_lines": [], "excluded_lines": []}, "preparar_df_para_zephyr_xlsx": {"executed_lines": [53, 54, 64, 65, 66, 68, 69, 70, 71, 73, 74, 86], "summary": {"covered_lines": 12, "num_statements": 12, "percent_covered": 100.0, "percent_covered_display": "100", "missing_lines": 0, "excluded_lines": 0, "percent_statements_covered": 100.0, "percent_statements_covered_display": "100"}, "missing_lines": [], "excluded_lines": []}, "gerar_csv_azure_from_df": {"executed_lines": [115, 116, 118, 131, 132, 133, 135, 136, 138, 139, 142, 153, 154, 155, 156, 158, 159, 160, 161, 162, 165, 180, 181, 184, 185, 187, 188, 191, 193, 194, 196, 197, 211, 212, 214, 215, 216, 220, 223, 226, 227, 230, 233, 235, 236, 237], "summary": {"covered_lines": 46, "num_statements": 46, "percent_covered": 100.0, "percent_covered_display": "100", "missing_lines": 0, "excluded_lines": 0, "percent_statements_covered": 100.0, "percent_statements_covered_display": "100"}, "missing_lines": [], "excluded_lines": []}, "gerar_csv_xray_from_df": {"executed_lines": [266, 275, 276, 277, 279, 280, 281, 283, 284, 286, 289, 291, 294, 295, 297, 298, 299, 300, 301, 305, 312, 315, 316, 317, 319, 322, 331, 332, 335, 337, 338, 339], "summary": {"covered_lines": 32, "num_statements": 32, "percent_covered": 100.0, "percent_covered_display": "100", "missing_lines": 0, "excluded_lines": 0, "percent_statements_covered": 100.0, "percent_statements_covered_display": "100"}, "missing_lines": [], "excluded_lines": []}, "gerar_csv_testrail_from_df": {"executed_lines": [371, 383, 384, 385, 387, 388, 391, 392, 393, 394, 396, 397, 399, 400, 401, 402, 403, 405, 410, 411, 412, 413, 414, 415, 417, 418, 420, 422, 424, 425, 427, 441, 442, 443], "summary": {"covered_lines": 34, "num_statements": 34, "percent_covered": 100.0, "percent_covered_display": "100", "missing_lines": 0, "excluded_lines": 0, "percent_statements_covered": 100.0, "percent_statements_covered_display": "100"}, "missing_lines": [], "excluded_lines": []}, "gerar_relatorio_md_completo": {"executed_lines": [], "summary": {"covered_lines": 0, "num_statements": 1, "percent_covered": 0.0, "percent_covered_display": "0", "missing_lines": 1, "excluded_lines": 0, "percent_statements_covered": 0.0, "percent_statements_covered_display": "0"}, "missing_lines": [465], "excluded_lines": []}, "": {"executed_lines": [1, 2, 3, 4, 11, 35, 94, 245, 347, 451], "summary": {"covered_lines": 10, "num_statements": 10, "percent_covered": 100.0, "percent_covered_display": "100", "missing_lines": 0, "excluded_lines": 0, "percent_statements_covered": 100.0, "percent_statements_covered_display": "100"}, "missing_lines": [], "excluded_lines": []}}, "classes": {"": {"executed_lines": [1, 2, 3, 4, 11, 24, 25, 26, 27, 35, 53, 54, 64, 65, 66, 68, 69, 70, 71, 73, 74, 86, 94, 115, 116, 118, 131, 132, 133, 135, 136, 138, 139, 142, 153, 154, 155, 156, 158, 159, 160, 161, 162, 165, 180, 181, 184, 185, 187, 188, 191, 193, 194, 196, 197, 211, 212, 214, 215, 216, 220, 223, 226, 227, 230, 233, 235, 236, 237, 245, 266, 275, 276, 277, 279, 280, 281, 283, 284, 286, 289, 291, 294, 295, 297, 298, 299, 300, 301, 305, 312, 315, 316, 317, 319, 322, 331, 332, 335, 337, 338, 339, 347, 371, 383, 384, 385, 387, 388, 391, 392, 393, 394, 396, 397, 399, 400, 401, 402, 403, 405, 410, 411, 412, 413, 414, 415, 417, 418, 420, 422, 424, 425, 427, 441, 442, 443, 451], "summary": {"covered_lines": 138, "num_statements": 139, "percent_covered": 99.28057553956835, "percent_covered_display": "99", "missing_lines": 1, "excluded_lines": 0, "percent_statements_covered": 99.28057553956835, "percent_statements_covered_display": "99"}, "missing_lines": [465], "excluded_lines": []}}}, "qa_core/graph.py": {"executed_lines": [3, 4, 5, 6, 8, 9, 11, 12, 13, 14, 15, 21, 22, 24, 28, 31, 46, 47, 48, 49, 52, 88, 89, 91, 97, 104, 105, 107, 108, 109, 110, 111, 117, 131, 132, 133, 134, 137, 147, 148, 150, 151, 152, 153, 163, 164, 165, 166, 167, 170, 180, 181, 182, 185, 195, 196, 200, 203, 204, 206, 207, 208, 209, 210, 211, 215, 239, 240, 241, 242, 248, 249, 250, 251, 252, 260, 261, 268, 272, 274, 275, 277, 278, 279, 280, 281, 282, 286, 290, 291, 297, 300, 321, 322, 323, 324, 325, 326, 330, 331, 332, 333, 340, 347, 353, 356, 382, 383, 384, 385, 386, 387, 391, 392, 393, 396, 404, 405, 412, 418, 419, 420, 421, 422, 423, 424, 425, 426, 430, 434, 448, 451, 453, 454, 455, 456, 457, 460, 461, 462, 465, 474, 478, 480, 483, 484, 487, 496, 497, 498, 505, 510, 519, 522, 529, 535, 539, 540, 542, 543, 544, 545, 546, 547, 548, 549, 552, 553, 555, 558, 559, 562, 565, 566, 569, 570, 574, 575], "summary": {"covered_lines": 171, "num_statements": 171, "percent_covered": 100.0, "percent_covered_display": "100", "missing_lines": 0, "excluded_lines": 6, "percent_statements_covered": 100.0, "percent_statements_covered_display": "100"}, "missing_lines": [], "excluded_lines": [166, 167, 170, 180, 181, 182], "functions": {"_get_llm_client": {"executed_lines": [46, 47, 48, 49], "summary": {"covered_lines": 4, "num_statements": 4, "percent_covered": 100.0, "percent_covered_display": "100", "missing_lines": 0, "excluded_lines": 0, "percent_statements_covered": 100.0, "percent_statements_covered_display": "100"}, "missing_lines": [], "excluded_lines": []}, "chamar_modelo_com_retry": {"executed_lines": [88, 89, 91, 97, 104, 105, 107, 108, 109, 110, 111, 117, 131, 132, 133, 134, 137, 147, 148, 150, 151, 152, 153, 163, 164, 165, 166, 167, 170, 180, 181, 182, 185, 195, 196, 200], "summary": {"covered_lines": 30, "num_statements": 30, "percent_covered": 100.0, "percent_covered_display": "100", "missing_lines": 0, "excluded_lines": 6, "percent_statements_covered": 100.0, "percent_statements_covered_display": "100"}, "missing_lines": [], "excluded_lines": [166, 167, 170, 180, 181, 182]}, "node_analisar_historia": {"executed_lines": [239, 240, 241, 242, 248, 249, 250, 251, 252, 260, 261, 268, 272, 274, 275, 277, 278, 279, 280, 281, 282, 286, 290, 291, 297], "summary": {"covered_lines": 25, "num_statements": 25, "percent_covered": 100.0, "percent_covered_display": "100", "missing_lines": 0, "excluded_lines": 0, "percent_statements_covered": 100.0, "percent_statements_covered_display": "100"}, "missing_lines": [], "excluded_lines": []}, "node_gerar_relatorio_analise": {"executed_lines": [321, 322, 323, 324, 325, 326, 330, 331, 332, 333, 340, 347, 353], "summary": {"covered_lines": 13, "num_statements": 13, "percent_covered": 100.0, "percent_covered_display": "100", "missing_lines": 0, "excluded_lines": 0, "percent_statements_covered": 100.0, "percent_statements_covered_display": "100"}, "missing_lines": [], "excluded_lines": []}, "node_criar_plano_e_casos_de_teste": {"executed_lines": [382, 383, 384, 385, 386, 387, 391, 392, 393, 396, 404, 405, 412, 418, 419, 420, 421, 422, 423, 424, 425, 426, 430, 434, 448], "summary": {"covered_lines": 25, "num_statements": 25, "percent_covered": 100.0, "percent_covered_display": "100", "missing_lines": 0, "excluded_lines": 0, "percent_statements_covered": 100.0, "percent_statements_covered_display": "100"}, "missing_lines": [], "excluded_lines": []}, "node_gerar_relatorio_plano_de_testes": {"executed_lines": [453, 454, 455, 456, 457, 460, 461, 462, 465, 474, 478, 480, 483, 484, 487, 496, 497, 498, 505, 510, 519, 522, 529, 535], "summary": {"covered_lines": 24, "num_statements": 24, "percent_covered": 100.0, "percent_covered_display": "100", "missing_lines": 0, "excluded_lines": 0, "percent_statements_covered": 100.0, "percent_statements_covered_display": "100"}, "missing_lines": [], "excluded_lines": []}, "get_analysis_graph": {"executed_lines": [542, 543, 544, 545, 546, 547, 548, 549], "summary": {"covered_lines": 8, "num_statements": 8, "percent_covered": 100.0, "percent_covered_display": "100", "missing_lines": 0, "excluded_lines": 0, "percent_statements_covered": 100.0, "percent_statements_covered_display": "100"}, "missing_lines": [], "excluded_lines": []}, "get_test_plan_graph": {"executed_lines": [555, 558, 559, 562, 565, 566, 569, 570], "summary": {"covered_lines": 8, "num_statements": 8, "percent_covered": 100.0, "percent_covered_display": "100", "missing_lines": 0, "excluded_lines": 0, "percent_statements_covered": 100.0, "percent_statements_covered_display": "100"}, "missing_lines": [], "excluded_lines": []}, "": {"executed_lines": [3, 4, 5, 6, 8, 9, 11, 12, 13, 14, 15, 21, 22, 24, 28, 31, 52, 203, 204, 206, 207, 208, 209, 210, 211, 215, 300, 356, 451, 539, 540, 552, 553, 574, 575], "summary": {"covered_lines": 34, "num_statements": 34, "percent_covered": 100.0, "percent_covered_display": "100", "missing_lines": 0, "excluded_lines": 0, "percent_statements_covered": 100.0, "percent_statements_covered_display": "100"}, "missing_lines": [], "excluded_lines": []}}, "classes": {"AgentState": {"executed_lines": [], "summary": {"covered_lines": 0, "num_statements": 0, "percent_covered": 100.0, "percent_covered_display": "100", "missing_lines": 0, "excluded_lines": 0, "percent_statements_covered": 100.0, "percent_statements_covered_display": "100"}, "missing_lines": [], "excluded_lines": []}, "": {"executed_lines": [3, 4, 5, 6, 8, 9, 11, 12, 13, 14, 15, 21, 22, 24, 28, 31, 46, 47, 48, 49, 52, 88, 89, 91, 97, 104, 105, 107, 108, 109, 110, 111, 117, 131, 132, 133, 134, 137, 147, 148, 150, 151, 152, 153, 163, 164, 165, 166, 167, 170, 180, 181, 182, 185, 195, 196, 200, 203, 204, 206, 207, 208, 209, 210, 211, 215, 239, 240, 241, 242, 248, 249, 250, 251, 252, 260, 261, 268, 272, 274, 275, 277, 278, 279, 280, 281, 282, 286, 290, 291, 297, 300, 321, 322, 323, 324, 325, 326, 330, 331, 332, 333, 340, 347, 353, 356, 382, 383, 384, 385, 386, 387, 391, 392, 393, 396, 404, 405, 412, 418, 419, 420, 421, 422, 423, 424, 425, 426, 430, 434, 448, 451, 453, 454, 455, 456, 457, 460, 461, 462, 465, 474, 478, 480, 483, 484, 487, 496, 497, 498, 505, 510, 519, 522, 529, 535, 539, 540, 542, 543, 544, 545, 546, 547, 548, 549, 552, 553, 555, 558, 559, 562, 565, 566, 569, 570, 574, 575], "summary": {"covered_lines": 171, "num_statements": 171, "percent_covered": 100.0, "percent_covered_display": "100", "missing_lines": 0, "excluded_lines": 6, "percent_statements_covered": 100.0, "percent_statements_covered_display": "100"}, "missing_lines": [], "excluded_lines": [166, 167, 170, 180, 181, 182]}}}, "qa_core/llm/__init__.py": {"executed_lines": [1, 3, 4, 6], "summary": {"covered_lines": 3, "num_statements": 3, "percent_covered": 100.0, "percent_covered_display": "100", "missing_lines": 0, "excluded_lines": 0, "percent_statements_covered": 100.0, "percent_statements_covered_display": "100"}, "missing_lines": [], "excluded_lines": [], "functions": {"": {"executed_lines": [1, 3, 4, 6], "summary": {"covered_lines": 3, "num_statements": 3, "percent_covered": 100.0, "percent_covered_display": "100", "missing_lines": 0, "excluded_lines": 0, "percent_statements_covered": 100.0, "percent_statements_covered_display": "100"}, "missing_lines": [], "excluded_lines": []}}, "classes": {"": {"executed_lines": [1, 3, 4, 6], "summary": {"covered_lines": 3, "num_statements": 3, "percent_covered": 100.0, "percent_covered_display": "100", "missing_lines": 0, "excluded_lines": 0, "percent_statements_covered": 100.0, "percent_statements_covered_display": "100"}, "missing_lines": [], "excluded_lines": []}}}, "qa_core/llm/config.py": {"executed_lines": [1, 3, 4, 6, 7, 9, 11, 13, 16, 17, 19, 20, 21, 22, 24, 25, 26, 27, 30, 31, 34, 35, 36, 37, 38, 40, 41, 45, 47, 48, 49, 50, 53, 55, 57, 58, 59, 60, 62, 63, 65, 66, 67, 68, 70, 71, 73, 74, 75, 76, 77, 78, 80, 81, 82, 83, 85, 86, 88, 89, 90, 91, 92, 93, 96, 98], "summary": {"covered_lines": 65, "num_statements": 65, "percent_covered": 100.0, "percent_covered_display": "100", "missing_lines": 0, "excluded_lines": 0, "percent_statements_covered": 100.0, "percent_statements_covered_display": "100"}, "missing_lines": [], "excluded_lines": [], "functions": {"LLMSettings.validate_api_key": {"executed_lines": [26, 27, 30, 31, 34, 35, 36, 37, 38, 40, 41, 45], "summary": {"covered_lines": 12, "num_statements": 12, "percent_covered": 100.0, "percent_covered_display": "100", "missing_lines": 0, "excluded_lines": 0, "percent_statements_covered": 100.0, "percent_statements_covered_display": "100"}, "missing_lines": [], "excluded_lines": []}, "LLMSettings.from_env": {"executed_lines": [49, 50, 53, 55, 57, 58, 59, 60, 62, 63, 65, 66, 67, 68, 70, 71, 73, 74, 75, 76, 77, 78, 80, 81, 82, 83, 85, 86, 88, 89, 90, 91, 92, 93, 96, 98], "summary": {"covered_lines": 36, "num_statements": 36, "percent_covered": 100.0, "percent_covered_display": "100", "missing_lines": 0, "excluded_lines": 0, "percent_statements_covered": 100.0, "percent_statements_covered_display": "100"}, "missing_lines": [], "excluded_lines": []}, "": {"executed_lines": [1, 3, 4, 6, 7, 9, 11, 13, 16, 17, 19, 20, 21, 22, 24, 25, 47, 48], "summary": {"covered_lines": 17, "num_statements": 17, "percent_covered": 100.0, "percent_covered_display": "100", "missing_lines": 0, "excluded_lines": 0, "percent_statements_covered": 100.0, "percent_statements_covered_display": "100"}, "missing_lines": [], "excluded_lines": []}}, "classes": {"LLMSettings": {"executed_lines": [26, 27, 30, 31, 34, 35, 36, 37, 38, 40, 41, 45, 49, 50, 53, 55, 57, 58, 59, 60, 62, 63, 65, 66, 67, 68, 70, 71, 73, 74, 75, 76, 77, 78, 80, 81, 82, 83, 85, 86, 88, 89, 90, 91, 92, 93, 96, 98], "summary": {"covered_lines": 48, "num_statements": 48, "percent_covered": 100.0, "percent_covered_display": "100", "missing_lines": 0, "excluded_lines": 0, "percent_statements_covered": 100.0, "percent_statements_covered_display": "100"}, "missing_lines": [], "excluded_lines": []}, "": {"executed_lines": [1, 3, 4, 6, 7, 9, 11, 13, 16, 17, 19, 20, 21, 22, 24, 25, 47, 48], "summary": {"covered_lines": 17, "num_statements": 17, "percent_covered": 100.0, "percent_covered_display": "100", "missing_lines": 0, "excluded_lines": 0, "percent_statements_covered": 100.0, "percent_statements_covered_display": "100"}, "missing_lines": [], "excluded_lines": []}}}, "qa_core/llm/factory.py": {"executed_lines": [1, 3, 4, 6, 7, 8, 9, 10, 11, 12, 14, 16, 27, 28, 40, 46, 48, 49, 50, 52, 53, 54, 56, 58, 61, 62, 68, 69, 71, 73, 75, 82, 84, 109, 110, 113, 114, 117, 118, 121, 125, 131, 136, 139, 140, 143, 159, 160, 161, 162, 165, 167, 168], "summary": {"covered_lines": 50, "num_statements": 55, "percent_covered": 90.9090909090909, "percent_covered_display": "91", "missing_lines": 5, "excluded_lines": 2, "percent_statements_covered": 90.9090909090909, "percent_statements_covered_display": "91"}, "missing_lines": [59, 76, 78, 79, 128], "excluded_lines": [162, 165], "functions": {"CachedLLMClient.__init__": {"executed_lines": [46, 48, 49, 50], "summary": {"covered_lines": 4, "num_statements": 4, "percent_covered": 100.0, "percent_covered_display": "100", "missing_lines": 0, "excluded_lines": 0, "percent_statements_covered": 100.0, "percent_statements_covered_display": "100"}, "missing_lines": [], "excluded_lines": []}, "CachedLLMClient.provider_name": {"executed_lines": [54], "summary": {"covered_lines": 1, "num_statements": 1, "percent_covered": 100.0, "percent_covered_display": "100", "missing_lines": 0, "excluded_lines": 0, "percent_statements_covered": 100.0, "percent_statements_covered_display": "100"}, "missing_lines": [], "excluded_lines": []}, "CachedLLMClient._cleanup_expired": {"executed_lines": [58, 61, 62, 68, 69], "summary": {"covered_lines": 5, "num_statements": 6, "percent_covered": 83.33333333333333, "percent_covered_display": "83", "missing_lines": 1, "excluded_lines": 0, "percent_statements_covered": 83.33333333333333, "percent_statements_covered_display": "83"}, "missing_lines": [59], "excluded_lines": []}, "CachedLLMClient._cleanup_full_cache": {"executed_lines": [73, 75, 82], "summary": {"covered_lines": 3, "num_statements": 6, "percent_covered": 50.0, "percent_covered_display": "50", "missing_lines": 3, "excluded_lines": 0, "percent_statements_covered": 50.0, "percent_statements_covered_display": "50"}, "missing_lines": [76, 78, 79], "excluded_lines": []}, "CachedLLMClient.generate_content": {"executed_lines": [109, 110, 113, 114, 117, 118, 121, 125, 131, 136, 139, 140], "summary": {"covered_lines": 12, "num_statements": 13, "percent_covered": 92.3076923076923, "percent_covered_display": "92", "missing_lines": 1, "excluded_lines": 0, "percent_statements_covered": 92.3076923076923, "percent_statements_covered_display": "92"}, "missing_lines": [128], "excluded_lines": []}, "get_llm_client": {"executed_lines": [159, 160, 161, 162, 165, 167, 168], "summary": {"covered_lines": 5, "num_statements": 5, "percent_covered": 100.0, "percent_covered_display": "100", "missing_lines": 0, "excluded_lines": 2, "percent_statements_covered": 100.0, "percent_statements_covered_display": "100"}, "missing_lines": [], "excluded_lines": [162, 165]}, "": {"executed_lines": [1, 3, 4, 6, 7, 8, 9, 10, 11, 12, 14, 16, 27, 28, 40, 52, 53, 56, 71, 84, 143], "summary": {"covered_lines": 20, "num_statements": 20, "percent_covered": 100.0, "percent_covered_display": "100", "missing_lines": 0, "excluded_lines": 0, "percent_statements_covered": 100.0, "percent_statements_covered_display": "100"}, "missing_lines": [], "excluded_lines": []}}, "classes": {"CachedLLMClient": {"executed_lines": [46, 48, 49, 50, 54, 58, 61, 62, 68, 69, 73, 75, 82, 109, 110, 113, 114, 117, 118, 121, 125, 131, 136, 139, 140], "summary": {"covered_lines": 25, "num_statements": 30, "percent_covered": 83.33333333333333, "percent_covered_display": "83", "missing_lines": 5, "excluded_lines": 0, "percent_statements_covered": 83.33333333333333, "percent_statements_covered_display": "83"}, "missing_lines": [59, 76, 78, 79, 128], "excluded_lines": []}, "": {"executed_lines": [1, 3, 4, 6, 7, 8, 9, 10, 11, 12, 14, 16, 27, 28, 40, 52, 53, 56, 71, 84, 143, 159, 160, 161, 162, 165, 167, 168], "summary": {"covered_lines": 25, "num_statements": 25, "percent_covered": 100.0, "percent_covered_display": "100", "missing_lines": 0, "excluded_lines": 2, "percent_statements_covered": 100.0, "percent_statements_covered_display": "100"}, "missing_lines": [], "excluded_lines": [162, 165]}}}, "qa_core/llm/providers/__init__.py": {"executed_lines": [1, 3, 4, 5, 6, 7, 9], "summary": {"covered_lines": 6, "num_statements": 6, "percent_covered": 100.0, "percent_covered_display": "100", "missing_lines": 0, "excluded_lines": 0, "percent_statements_covered": 100.0, "percent_statements_covered_display": "100"}, "missing_lines": [], "excluded_lines": [], "functions": {"": {"executed_lines": [1, 3, 4, 5, 6, 7, 9], "summary": {"covered_lines": 6, "num_statements": 6, "percent_covered": 100.0, "percent_covered_display": "100", "missing_lines": 0, "excluded_lines": 0, "percent_statements_covered": 100.0, "percent_statements_covered_display": "100"}, "missing_lines": [], "excluded_lines": []}}, "classes": {"": {"executed_lines": [1, 3, 4, 5, 6, 7, 9], "summary": {"covered_lines": 6, "num_statements": 6, "percent_covered": 100.0, "percent_covered_display": "100", "missing_lines": 0, "excluded_lines": 0, "percent_statements_covered": 100.0, "percent_statements_covered_display": "100"}, "missing_lines": [], "excluded_lines": []}}}, "qa_core/llm/providers/azure_openai.py": {"executed_lines": [1, 3, 5, 6, 8, 9, 12, 13, 15, 21, 24, 25, 26, 28, 29, 30, 32, 33, 34, 36, 37, 43, 44, 52, 53, 54, 56, 79, 81, 83, 86, 89, 96, 98, 99, 102, 103], "summary": {"covered_lines": 37, "num_statements": 39, "percent_covered": 94.87179487179488, "percent_covered_display": "95", "missing_lines": 2, "excluded_lines": 0, "percent_statements_covered": 94.87179487179488, "percent_statements_covered_display": "95"}, "missing_lines": [49, 50], "excluded_lines": [], "functions": {"AzureOpenAILLMClient.__init__": {"executed_lines": [24, 25, 26, 28, 29, 30, 32, 33, 34, 36, 37, 43, 44], "summary": {"covered_lines": 13, "num_statements": 15, "percent_covered": 86.66666666666667, "percent_covered_display": "87", "missing_lines": 2, "excluded_lines": 0, "percent_statements_covered": 86.66666666666667, "percent_statements_covered_display": "87"}, "missing_lines": [49, 50], "excluded_lines": []}, "AzureOpenAILLMClient.from_settings": {"executed_lines": [54], "summary": {"covered_lines": 1, "num_statements": 1, "percent_covered": 100.0, "percent_covered_display": "100", "missing_lines": 0, "excluded_lines": 0, "percent_statements_covered": 100.0, "percent_statements_covered_display": "100"}, "missing_lines": [], "excluded_lines": []}, "AzureOpenAILLMClient.generate_content": {"executed_lines": [79, 81, 83, 86, 89, 96, 98, 99, 102, 103], "summary": {"covered_lines": 10, "num_statements": 10, "percent_covered": 100.0, "percent_covered_display": "100", "missing_lines": 0, "excluded_lines": 0, "percent_statements_covered": 100.0, "percent_statements_covered_display": "100"}, "missing_lines": [], "excluded_lines": []}, "": {"executed_lines": [1, 3, 5, 6, 8, 9, 12, 13, 15, 21, 52, 53, 56], "summary": {"covered_lines": 13, "num_statements": 13, "percent_covered": 100.0, "percent_covered_display": "100", "missing_lines": 0, "excluded_lines": 0, "percent_statements_covered": 100.0, "percent_statements_covered_display": "100"}, "missing_lines": [], "excluded_lines": []}}, "classes": {"AzureOpenAILLMClient": {"executed_lines": [24, 25, 26, 28, 29, 30, 32, 33, 34, 36, 37, 43, 44, 54, 79, 81, 83, 86, 89, 96, 98, 99, 102, 103], "summary": {"covered_lines": 24, "num_statements": 26, "percent_covered": 92.3076923076923, "percent_covered_display": "92", "missing_lines": 2, "excluded_lines": 0, "percent_statements_covered": 92.3076923076923, "percent_statements_covered_display": "92"}, "missing_lines": [49, 50], "excluded_lines": []}, "": {"executed_lines": [1, 3, 5, 6, 8, 9, 12, 13, 15, 21, 52, 53, 56], "summary": {"covered_lines": 13, "num_statements": 13, "percent_covered": 100.0, "percent_covered_display": "100", "missing_lines": 0, "excluded_lines": 0, "percent_statements_covered": 100.0, "percent_statements_covered_display": "100"}, "missing_lines": [], "excluded_lines": []}}}, "qa_core/llm/providers/base.py": {"executed_lines": [1, 3, 6, 7, 10, 11, 14, 15, 16, 18, 20], "summary": {"covered_lines": 8, "num_statements": 8, "percent_covered": 100.0, "percent_covered_display": "100", "missing_lines": 0, "excluded_lines": 0, "percent_statements_covered": 100.0, "percent_statements_covered_display": "100"}, "missing_lines": [], "excluded_lines": [], "functions": {"LLMClient.generate_content": {"executed_lines": [], "summary": {"covered_lines": 0, "num_statements": 0, "percent_covered": 100.0, "percent_covered_display": "100", "missing_lines": 0, "excluded_lines": 0, "percent_statements_covered": 100.0, "percent_statements_covered_display": "100"}, "missing_lines": [], "excluded_lines": []}, "": {"executed_lines": [1, 3, 6, 7, 10, 11, 14, 15, 16, 18, 20], "summary": {"covered_lines": 8, "num_statements": 8, "percent_covered": 100.0, "percent_covered_display": "100", "missing_lines": 0, "excluded_lines": 0, "percent_statements_covered": 100.0, "percent_statements_covered_display": "100"}, "missing_lines": [], "excluded_lines": []}}, "classes": {"LLMError": {"executed_lines": [], "summary": {"covered_lines": 0, "num_statements": 0, "percent_covered": 100.0, "percent_covered_display": "100", "missing_lines": 0, "excluded_lines": 0, "percent_statements_covered": 100.0, "percent_statements_covered_display": "100"}, "missing_lines": [], "excluded_lines": []}, "LLMRateLimitError": {"executed_lines": [], "summary": {"covered_lines": 0, "num_statements": 0, "percent_covered": 100.0, "percent_covered_display": "100", "missing_lines": 0, "excluded_lines": 0, "percent_statements_covered": 100.0, "percent_statements_covered_display": "100"}, "missing_lines": [], "excluded_lines": []}, "LLMClient": {"executed_lines": [], "summary": {"covered_lines": 0, "num_statements": 0, "percent_covered": 100.0, "percent_covered_display": "100", "missing_lines": 0, "excluded_lines": 0, "percent_statements_covered": 100.0, "percent_statements_covered_display": "100"}, "missing_lines": [], "excluded_lines": []}, "": {"executed_lines": [1, 3, 6, 7, 10, 11, 14, 15, 16, 18, 20], "summary": {"covered_lines": 8, "num_statements": 8, "percent_covered": 100.0, "percent_covered_display": "100", "missing_lines": 0, "excluded_lines": 0, "percent_statements_covered": 100.0, "percent_statements_covered_display": "100"}, "missing_lines": [], "excluded_lines": []}}}, "qa_core/llm/providers/google.py": {"executed_lines": [1, 3, 5, 6, 8, 9, 12, 13, 15, 22, 23, 26, 27, 28, 30, 31, 32, 33, 35, 43, 44, 45, 49], "summary": {"covered_lines": 23, "num_statements": 23, "percent_covered": 100.0, "percent_covered_display": "100", "missing_lines": 0, "excluded_lines": 4, "percent_statements_covered": 100.0, "percent_statements_covered_display": "100"}, "missing_lines": [], "excluded_lines": [50, 53, 54, 55], "functions": {"GoogleLLMClient.__init__": {"executed_lines": [22, 23, 26, 27, 28], "summary": {"covered_lines": 5, "num_statements": 5, "percent_covered": 100.0, "percent_covered_display": "100", "missing_lines": 0, "excluded_lines": 0, "percent_statements_covered": 100.0, "percent_statements_covered_display": "100"}, "missing_lines": [], "excluded_lines": []}, "GoogleLLMClient.from_settings": {"executed_lines": [32, 33], "summary": {"covered_lines": 2, "num_statements": 2, "percent_covered": 100.0, "percent_covered_display": "100", "missing_lines": 0, "excluded_lines": 0, "percent_statements_covered": 100.0, "percent_statements_covered_display": "100"}, "missing_lines": [], "excluded_lines": []}, "GoogleLLMClient.generate_content": {"executed_lines": [43, 44, 45, 49], "summary": {"covered_lines": 4, "num_statements": 4, "percent_covered": 100.0, "percent_covered_display": "100", "missing_lines": 0, "excluded_lines": 4, "percent_statements_covered": 100.0, "percent_statements_covered_display": "100"}, "missing_lines": [], "excluded_lines": [50, 53, 54, 55]}, "": {"executed_lines": [1, 3, 5, 6, 8, 9, 12, 13, 15, 30, 31, 35], "summary": {"covered_lines": 12, "num_statements": 12, "percent_covered": 100.0, "percent_covered_display": "100", "missing_lines": 0, "excluded_lines": 0, "percent_statements_covered": 100.0, "percent_statements_covered_display": "100"}, "missing_lines": [], "excluded_lines": []}}, "classes": {"GoogleLLMClient": {"executed_lines": [22, 23, 26, 27, 28, 32, 33, 43, 44, 45, 49], "summary": {"covered_lines": 11, "num_statements": 11, "percent_covered": 100.0, "percent_covered_display": "100", "missing_lines": 0, "excluded_lines": 4, "percent_statements_covered": 100.0, "percent_statements_covered_display": "100"}, "missing_lines": [], "excluded_lines": [50, 53, 54, 55]}, "": {"executed_lines": [1, 3, 5, 6, 8, 9, 12, 13, 15, 30, 31, 35], "summary": {"covered_lines": 12, "num_statements": 12, "percent_covered": 100.0, "percent_covered_display": "100", "missing_lines": 0, "excluded_lines": 0, "percent_statements_covered": 100.0, "percent_statements_covered_display": "100"}, "missing_lines": [], "excluded_lines": []}}}, "qa_core/llm/providers/llama.py": {"executed_lines": [1, 3, 5, 7, 8, 11, 12, 14, 17, 18, 19, 22, 24, 25, 26, 31, 32, 33, 35, 57, 59, 61, 64, 71, 73, 74], "summary": {"covered_lines": 26, "num_statements": 26, "percent_covered": 100.0, "percent_covered_display": "100", "missing_lines": 0, "excluded_lines": 0, "percent_statements_covered": 100.0, "percent_statements_covered_display": "100"}, "missing_lines": [], "excluded_lines": [], "functions": {"LlamaLLMClient.__init__": {"executed_lines": [17, 18, 19, 22, 24, 25, 26], "summary": {"covered_lines": 7, "num_statements": 7, "percent_covered": 100.0, "percent_covered_display": "100", "missing_lines": 0, "excluded_lines": 0, "percent_statements_covered": 100.0, "percent_statements_covered_display": "100"}, "missing_lines": [], "excluded_lines": []}, "LlamaLLMClient.from_settings": {"executed_lines": [33], "summary": {"covered_lines": 1, "num_statements": 1, "percent_covered": 100.0, "percent_covered_display": "100", "missing_lines": 0, "excluded_lines": 0, "percent_statements_covered": 100.0, "percent_statements_covered_display": "100"}, "missing_lines": [], "excluded_lines": []}, "LlamaLLMClient.generate_content": {"executed_lines": [57, 59, 61, 64, 71, 73, 74], "summary": {"covered_lines": 7, "num_statements": 7, "percent_covered": 100.0, "percent_covered_display": "100", "missing_lines": 0, "excluded_lines": 0, "percent_statements_covered": 100.0, "percent_statements_covered_display": "100"}, "missing_lines": [], "excluded_lines": []}, "": {"executed_lines": [1, 3, 5, 7, 8, 11, 12, 14, 31, 32, 35], "summary": {"covered_lines": 11, "num_statements": 11, "percent_covered": 100.0, "percent_covered_display": "100", "missing_lines": 0, "excluded_lines": 0, "percent_statements_covered": 100.0, "percent_statements_covered_display": "100"}, "missing_lines": [], "excluded_lines": []}}, "classes": {"LlamaLLMClient": {"executed_lines": [17, 18, 19, 22, 24, 25, 26, 33, 57, 59, 61, 64, 71, 73, 74], "summary": {"covered_lines": 15, "num_statements": 15, "percent_covered": 100.0, "percent_covered_display": "100", "missing_lines": 0, "excluded_lines": 0, "percent_statements_covered": 100.0, "percent_statements_covered_display": "100"}, "missing_lines": [], "excluded_lines": []}, "": {"executed_lines": [1, 3, 5, 7, 8, 11, 12, 14, 31, 32, 35], "summary": {"covered_lines": 11, "num_statements": 11, "percent_covered": 100.0, "percent_covered_display": "100", "missing_lines": 0, "excluded_lines": 0, "percent_statements_covered": 100.0, "percent_statements_covered_display": "100"}, "missing_lines": [], "excluded_lines": []}}}, "qa_core/llm/providers/mock.py": {"executed_lines": [1, 2, 3, 4, 7, 8, 10, 13, 14, 15, 17, 18, 19, 21, 30, 35, 36, 50, 54, 101, 104, 105, 106], "summary": {"covered_lines": 23, "num_statements": 23, "percent_covered": 100.0, "percent_covered_display": "100", "missing_lines": 0, "excluded_lines": 0, "percent_statements_covered": 100.0, "percent_statements_covered_display": "100"}, "missing_lines": [], "excluded_lines": [], "functions": {"MockLLMClient.__init__": {"executed_lines": [13, 14, 15], "summary": {"covered_lines": 3, "num_statements": 3, "percent_covered": 100.0, "percent_covered_display": "100", "missing_lines": 0, "excluded_lines": 0, "percent_statements_covered": 100.0, "percent_statements_covered_display": "100"}, "missing_lines": [], "excluded_lines": []}, "MockLLMClient.from_settings": {"executed_lines": [19], "summary": {"covered_lines": 1, "num_statements": 1, "percent_covered": 100.0, "percent_covered_display": "100", "missing_lines": 0, "excluded_lines": 0, "percent_statements_covered": 100.0, "percent_statements_covered_display": "100"}, "missing_lines": [], "excluded_lines": []}, "MockLLMClient.generate_content": {"executed_lines": [30, 35, 36, 50, 54, 101], "summary": {"covered_lines": 6, "num_statements": 6, "percent_covered": 100.0, "percent_covered_display": "100", "missing_lines": 0, "excluded_lines": 0, "percent_statements_covered": 100.0, "percent_statements_covered_display": "100"}, "missing_lines": [], "excluded_lines": []}, "MockResponse.__init__": {"executed_lines": [106], "summary": {"covered_lines": 1, "num_statements": 1, "percent_covered": 100.0, "percent_covered_display": "100", "missing_lines": 0, "excluded_lines": 0, "percent_statements_covered": 100.0, "percent_statements_covered_display": "100"}, "missing_lines": [], "excluded_lines": []}, "": {"executed_lines": [1, 2, 3, 4, 7, 8, 10, 17, 18, 21, 104, 105], "summary": {"covered_lines": 12, "num_statements": 12, "percent_covered": 100.0, "percent_covered_display": "100", "missing_lines": 0, "excluded_lines": 0, "percent_statements_covered": 100.0, "percent_statements_covered_display": "100"}, "missing_lines": [], "excluded_lines": []}}, "classes": {"MockLLMClient": {"executed_lines": [13, 14, 15, 19, 30, 35, 36, 50, 54, 101], "summary": {"covered_lines": 10, "num_statements": 10, "percent_covered": 100.0, "percent_covered_display": "100", "missing_lines": 0, "excluded_lines": 0, "percent_statements_covered": 100.0, "percent_statements_covered_display": "100"}, "missing_lines": [], "excluded_lines": []}, "MockResponse": {"executed_lines": [106], "summary": {"covered_lines": 1, "num_statements": 1, "percent_covered": 100.0, "percent_covered_display": "100", "missing_lines": 0, "excluded_lines": 0, "percent_statements_covered": 100.0, "percent_statements_covered_display": "100"}, "missing_lines": [], "excluded_lines": []}, "": {"executed_lines": [1, 2, 3, 4, 7, 8, 10, 17, 18, 21, 104, 105], "summary": {"covered_lines": 12, "num_statements": 12, "percent_covered": 100.0, "percent_covered_display": "100", "missing_lines": 0, "excluded_lines": 0, "percent_statements_covered": 100.0, "percent_statements_covered_display": "100"}, "missing_lines": [], "excluded_lines": []}}}, "qa_core/llm/providers/openai.py": {"executed_lines": [1, 3, 5, 6, 8, 9, 12, 13, 15, 18, 19, 20, 22, 23, 28, 29, 36, 37, 38, 40, 63, 65, 67, 70, 73, 80, 82, 83, 86, 87], "summary": {"covered_lines": 30, "num_statements": 32, "percent_covered": 93.75, "percent_covered_display": "94", "missing_lines": 2, "excluded_lines": 0, "percent_statements_covered": 93.75, "percent_statements_covered_display": "94"}, "missing_lines": [33, 34], "excluded_lines": [], "functions": {"OpenAILLMClient.__init__": {"executed_lines": [18, 19, 20, 22, 23, 28, 29], "summary": {"covered_lines": 7, "num_statements": 9, "percent_covered": 77.77777777777777, "percent_covered_display": "78", "missing_lines": 2, "excluded_lines": 0, "percent_statements_covered": 77.77777777777777, "percent_statements_covered_display": "78"}, "missing_lines": [33, 34], "excluded_lines": []}, "OpenAILLMClient.from_settings": {"executed_lines": [38], "summary": {"covered_lines": 1, "num_statements": 1, "percent_covered": 100.0, "percent_covered_display": "100", "missing_lines": 0, "excluded_lines": 0, "percent_statements_covered": 100.0, "percent_statements_covered_display": "100"}, "missing_lines": [], "excluded_lines": []}, "OpenAILLMClient.generate_content": {"executed_lines": [63, 65, 67, 70, 73, 80, 82, 83, 86, 87], "summary": {"covered_lines": 10, "num_statements": 10, "percent_covered": 100.0, "percent_covered_display": "100", "missing_lines": 0, "excluded_lines": 0, "percent_statements_covered": 100.0, "percent_statements_covered_display": "100"}, "missing_lines": [], "excluded_lines": []}, "": {"executed_lines": [1, 3, 5, 6, 8, 9, 12, 13, 15, 36, 37, 40], "summary": {"covered_lines": 12, "num_statements": 12, "percent_covered": 100.0, "percent_covered_display": "100", "missing_lines": 0, "excluded_lines": 0, "percent_statements_covered": 100.0, "percent_statements_covered_display": "100"}, "missing_lines": [], "excluded_lines": []}}, "classes": {"OpenAILLMClient": {"executed_lines": [18, 19, 20, 22, 23, 28, 29, 38, 63, 65, 67, 70, 73, 80, 82, 83, 86, 87], "summary": {"covered_lines": 18, "num_statements": 20, "percent_covered": 90.0, "percent_covered_display": "90", "missing_lines": 2, "excluded_lines": 0, "percent_statements_covered": 90.0, "percent_statements_covered_display": "90"}, "missing_lines": [33, 34], "excluded_lines": []}, "": {"executed_lines": [1, 3, 5, 6, 8, 9, 12, 13, 15, 36, 37, 40], "summary": {"covered_lines": 12, "num_statements": 12, "percent_covered": 100.0, "percent_covered_display": "100", "missing_lines": 0, "excluded_lines": 0, "percent_statements_covered": 100.0, "percent_statements_covered_display": "100"}, "missing_lines": [], "excluded_lines": []}}}, "qa_core/metrics.py": {"executed_lines": [1, 8, 9, 10, 12, 15, 16, 19, 20, 24, 27, 33, 34, 35, 47, 48, 59, 66, 68, 69, 70, 137, 139, 142, 144, 147, 149, 152, 154, 157, 159, 162, 164, 166, 169, 171, 173, 176, 178, 180, 183, 185, 188, 190, 193, 199, 200, 202, 203, 205, 206, 210, 213, 221, 222, 223, 226, 233, 234, 235, 236, 238, 239, 240, 241, 242, 243, 244, 245, 246, 248, 250, 253, 261, 262, 263, 264, 266, 267, 268, 269, 270, 271, 272, 273, 274, 276, 278, 281, 289, 290, 291, 292, 294, 295, 296, 297, 298, 299, 300, 301, 302, 304, 306], "summary": {"covered_lines": 101, "num_statements": 130, "percent_covered": 77.6923076923077, "percent_covered_display": "78", "missing_lines": 29, "excluded_lines": 0, "percent_statements_covered": 77.6923076923077, "percent_statements_covered_display": "78"}, "missing_lines": [18, 37, 38, 39, 40, 42, 73, 79, 85, 91, 98, 104, 111, 119, 124, 130, 135, 140, 145, 150, 155, 160, 167, 174, 181, 186, 191, 195, 196], "excluded_lines": [], "functions": {"start_metrics_server": {"executed_lines": [33, 34, 35], "summary": {"covered_lines": 3, "num_statements": 8, "percent_covered": 37.5, "percent_covered_display": "38", "missing_lines": 5, "excluded_lines": 0, "percent_statements_covered": 37.5, "percent_statements_covered_display": "38"}, "missing_lines": [37, 38, 39, 40, 42], "excluded_lines": []}, "MetricsCollector.__init__": {"executed_lines": [66, 68, 69, 70], "summary": {"covered_lines": 4, "num_statements": 15, "percent_covered": 26.666666666666668, "percent_covered_display": "27", "missing_lines": 11, "excluded_lines": 0, "percent_statements_covered": 26.666666666666668, "percent_statements_covered_display": "27"}, "missing_lines": [73, 79, 85, 91, 98, 104, 111, 119, 124, 130, 135], "excluded_lines": []}, "MetricsCollector.record_analysis": {"executed_lines": [139], "summary": {"covered_lines": 1, "num_statements": 2, "percent_covered": 50.0, "percent_covered_display": "50", "missing_lines": 1, "excluded_lines": 0, "percent_statements_covered": 50.0, "percent_statements_covered_display": "50"}, "missing_lines": [140], "excluded_lines": []}, "MetricsCollector.record_export": {"executed_lines": [144], "summary": {"covered_lines": 1, "num_statements": 2, "percent_covered": 50.0, "percent_covered_display": "50", "missing_lines": 1, "excluded_lines": 0, "percent_statements_covered": 50.0, "percent_statements_covered_display": "50"}, "missing_lines": [145], "excluded_lines": []}, "MetricsCollector.record_llm_call": {"executed_lines": [149], "summary": {"covered_lines": 1, "num_statements": 2, "percent_covered": 50.0, "percent_covered_display": "50", "missing_lines": 1, "excluded_lines": 0, "percent_statements_covered": 50.0, "percent_statements_covered_display": "50"}, "missing_lines": [150], "excluded_lines": []}, "MetricsCollector.record_error": {"executed_lines": [154], "summary": {"covered_lines": 1, "num_statements": 2, "percent_covered": 50.0, "percent_covered_display": "50", "missing_lines": 1, "excluded_lines": 0, "percent_statements_covered": 50.0, "percent_statements_covered_display": "50"}, "missing_lines": [155], "excluded_lines": []}, "MetricsCollector.time_analysis": {"executed_lines": [159, 162], "summary": {"covered_lines": 2, "num_statements": 3, "percent_covered": 66.66666666666667, "percent_covered_display": "67", "missing_lines": 1, "excluded_lines": 0, "percent_statements_covered": 66.66666666666667, "percent_statements_covered_display": "67"}, "missing_lines": [160], "excluded_lines": []}, "MetricsCollector.time_export": {"executed_lines": [166, 169], "summary": {"covered_lines": 2, "num_statements": 3, "percent_covered": 66.66666666666667, "percent_covered_display": "67", "missing_lines": 1, "excluded_lines": 0, "percent_statements_covered": 66.66666666666667, "percent_statements_covered_display": "67"}, "missing_lines": [167], "excluded_lines": []}, "MetricsCollector.time_llm_call": {"executed_lines": [173, 176], "summary": {"covered_lines": 2, "num_statements": 3, "percent_covered": 66.66666666666667, "percent_covered_display": "67", "missing_lines": 1, "excluded_lines": 0, "percent_statements_covered": 66.66666666666667, "percent_statements_covered_display": "67"}, "missing_lines": [174], "excluded_lines": []}, "MetricsCollector.set_cache_size": {"executed_lines": [180], "summary": {"covered_lines": 1, "num_statements": 2, "percent_covered": 50.0, "percent_covered_display": "50", "missing_lines": 1, "excluded_lines": 0, "percent_statements_covered": 50.0, "percent_statements_covered_display": "50"}, "missing_lines": [181], "excluded_lines": []}, "MetricsCollector.inc_active_analyses": {"executed_lines": [185], "summary": {"covered_lines": 1, "num_statements": 2, "percent_covered": 50.0, "percent_covered_display": "50", "missing_lines": 1, "excluded_lines": 0, "percent_statements_covered": 50.0, "percent_statements_covered_display": "50"}, "missing_lines": [186], "excluded_lines": []}, "MetricsCollector.dec_active_analyses": {"executed_lines": [190], "summary": {"covered_lines": 1, "num_statements": 2, "percent_covered": 50.0, "percent_covered_display": "50", "missing_lines": 1, "excluded_lines": 0, "percent_statements_covered": 50.0, "percent_statements_covered_display": "50"}, "missing_lines": [191], "excluded_lines": []}, "MetricsCollector.set_app_info": {"executed_lines": [], "summary": {"covered_lines": 0, "num_statements": 2, "percent_covered": 0.0, "percent_covered_display": "0", "missing_lines": 2, "excluded_lines": 0, "percent_statements_covered": 0.0, "percent_statements_covered_display": "0"}, "missing_lines": [195, 196], "excluded_lines": []}, "_NoOpContextManager.__enter__": {"executed_lines": [203], "summary": {"covered_lines": 1, "num_statements": 1, "percent_covered": 100.0, "percent_covered_display": "100", "missing_lines": 0, "excluded_lines": 0, "percent_statements_covered": 100.0, "percent_statements_covered_display": "100"}, "missing_lines": [], "excluded_lines": []}, "_NoOpContextManager.__exit__": {"executed_lines": [206], "summary": {"covered_lines": 1, "num_statements": 1, "percent_covered": 100.0, "percent_covered_display": "100", "missing_lines": 0, "excluded_lines": 0, "percent_statements_covered": 100.0, "percent_statements_covered_display": "100"}, "missing_lines": [], "excluded_lines": []}, "get_metrics_collector": {"executed_lines": [221, 222, 223], "summary": {"covered_lines": 3, "num_statements": 3, "percent_covered": 100.0, "percent_covered_display": "100", "missing_lines": 0, "excluded_lines": 0, "percent_statements_covered": 100.0, "percent_statements_covered_display": "100"}, "missing_lines": [], "excluded_lines": []}, "track_analysis": {"executed_lines": [233, 234, 250], "summary": {"covered_lines": 3, "num_statements": 3, "percent_covered": 100.0, "percent_covered_display": "100", "missing_lines": 0, "excluded_lines": 0, "percent_statements_covered": 100.0, "percent_statements_covered_display": "100"}, "missing_lines": [], "excluded_lines": []}, "track_analysis.wrapper": {"executed_lines": [235, 236, 238, 239, 240, 241, 242, 243, 244, 245, 246, 248], "summary": {"covered_lines": 12, "num_statements": 12, "percent_covered": 100.0, "percent_covered_display": "100", "missing_lines": 0, "excluded_lines": 0, "percent_statements_covered": 100.0, "percent_statements_covered_display": "100"}, "missing_lines": [], "excluded_lines": []}, "track_export": {"executed_lines": [261, 262, 278], "summary": {"covered_lines": 3, "num_statements": 3, "percent_covered": 100.0, "percent_covered_display": "100", "missing_lines": 0, "excluded_lines": 0, "percent_statements_covered": 100.0, "percent_statements_covered_display": "100"}, "missing_lines": [], "excluded_lines": []}, "track_export.decorator": {"executed_lines": [263, 276], "summary": {"covered_lines": 2, "num_statements": 2, "percent_covered": 100.0, "percent_covered_display": "100", "missing_lines": 0, "excluded_lines": 0, "percent_statements_covered": 100.0, "percent_statements_covered_display": "100"}, "missing_lines": [], "excluded_lines": []}, "track_export.decorator.wrapper": {"executed_lines": [264, 266, 267, 268, 269, 270, 271, 272, 273, 274], "summary": {"covered_lines": 10, "num_statements": 10, "percent_covered": 100.0, "percent_covered_display": "100", "missing_lines": 0, "excluded_lines": 0, "percent_statements_covered": 100.0, "percent_statements_covered_display": "100"}, "missing_lines": [], "excluded_lines": []}, "track_llm_call": {"executed_lines": [289, 290, 306], "summary": {"covered_lines": 3, "num_statements": 3, "percent_covered": 100.0, "percent_covered_display": "100", "missing_lines": 0, "excluded_lines": 0, "percent_statements_covered": 100.0, "percent_statements_covered_display": "100"}, "missing_lines": [], "excluded_lines": []}, "track_llm_call.decorator": {"executed_lines": [291, 304], "summary": {"covered_lines": 2, "num_statements": 2, "percent_covered": 100.0, "percent_covered_display": "100", "missing_lines": 0, "excluded_lines": 0, "percent_statements_covered": 100.0, "percent_statements_covered_display": "100"}, "missing_lines": [], "excluded_lines": []}, "track_llm_call.decorator.wrapper": {"executed_lines": [292, 294, 295, 296, 297, 298, 299, 300, 301, 302], "summary": {"covered_lines": 10, "num_statements": 10, "percent_covered": 100.0, "percent_covered_display": "100", "missing_lines": 0, "excluded_lines": 0, "percent_statements_covered": 100.0, "percent_statements_covered_display": "100"}, "missing_lines": [], "excluded_lines": []}, "": {"executed_lines": [1, 8, 9, 10, 12, 15, 16, 19, 20, 24, 27, 47, 48, 59, 137, 142, 147, 152, 157, 164, 171, 178, 183, 188, 193, 199, 200, 202, 205, 210, 213, 226, 253, 281], "summary": {"covered_lines": 31, "num_statements": 32, "percent_covered": 96.875, "percent_covered_display": "97", "missing_lines": 1, "excluded_lines": 0, "percent_statements_covered": 96.875, "percent_statements_covered_display": "97"}, "missing_lines": [18], "excluded_lines": []}}, "classes": {"MetricsCollector": {"executed_lines": [66, 68, 69, 70, 139, 144, 149, 154, 159, 162, 166, 169, 173, 176, 180, 185, 190], "summary": {"covered_lines": 17, "num_statements": 40, "percent_covered": 42.5, "percent_covered_display": "42", "missing_lines": 23, "excluded_lines": 0, "percent_statements_covered": 42.5, "percent_statements_covered_display": "42"}, "missing_lines": [73, 79, 85, 91, 98, 104, 111, 119, 124, 130, 135, 140, 145, 150, 155, 160, 167, 174, 181, 186, 191, 195, 196], "excluded_lines": []}, "_NoOpContextManager": {"executed_lines": [203, 206], "summary": {"covered_lines": 2, "num_statements": 2, "percent_covered": 100.0, "percent_covered_display": "100", "missing_lines": 0, "excluded_lines": 0, "percent_statements_covered": 100.0, "percent_statements_covered_display": "100"}, "missing_lines": [], "excluded_lines": []}, "": {"executed_lines": [1, 8, 9, 10, 12, 15, 16, 19, 20, 24, 27, 33, 34, 35, 47, 48, 59, 137, 142, 147, 152, 157, 164, 171, 178, 183, 188, 193, 199, 200, 202, 205, 210, 213, 221, 222, 223, 226, 233, 234, 235, 236, 238, 239, 240, 241, 242, 243, 244, 245, 246, 248, 250, 253, 261, 262, 263, 264, 266, 267, 268, 269, 270, 271, 272, 273, 274, 276, 278, 281, 289, 290, 291, 292, 294, 295, 296, 297, 298, 299, 300, 301, 302, 304, 306], "summary": {"covered_lines": 82, "num_statements": 88, "percent_covered": 93.18181818181819, "percent_covered_display": "93", "missing_lines": 6, "excluded_lines": 0, "percent_statements_covered": 93.18181818181819, "percent_statements_covered_display": "93"}, "missing_lines": [18, 37, 38, 39, 40, 42], "excluded_lines": []}}}, "qa_core/observability.py": {"executed_lines": [1, 3, 4, 5, 6, 7, 8, 11, 12, 14, 15, 16, 21, 22, 25, 28, 31, 50, 51, 53, 62, 63, 65, 66, 67, 68, 70, 73, 79, 80, 81, 82, 83, 84, 85, 86], "summary": {"covered_lines": 36, "num_statements": 36, "percent_covered": 100.0, "percent_covered_display": "100", "missing_lines": 0, "excluded_lines": 0, "percent_statements_covered": 100.0, "percent_statements_covered_display": "100"}, "missing_lines": [], "excluded_lines": [], "functions": {"generate_trace_id": {"executed_lines": [28], "summary": {"covered_lines": 1, "num_statements": 1, "percent_covered": 100.0, "percent_covered_display": "100", "missing_lines": 0, "excluded_lines": 0, "percent_statements_covered": 100.0, "percent_statements_covered_display": "100"}, "missing_lines": [], "excluded_lines": []}, "log_graph_event": {"executed_lines": [50, 51, 53, 62, 63, 65, 66, 67, 68, 70], "summary": {"covered_lines": 10, "num_statements": 10, "percent_covered": 100.0, "percent_covered_display": "100", "missing_lines": 0, "excluded_lines": 0, "percent_statements_covered": 100.0, "percent_statements_covered_display": "100"}, "missing_lines": [], "excluded_lines": []}, "_stringify_payload": {"executed_lines": [79, 80, 81, 82, 83, 84, 85, 86], "summary": {"covered_lines": 8, "num_statements": 8, "percent_covered": 100.0, "percent_covered_display": "100", "missing_lines": 0, "excluded_lines": 0, "percent_statements_covered": 100.0, "percent_statements_covered_display": "100"}, "missing_lines": [], "excluded_lines": []}, "": {"executed_lines": [1, 3, 4, 5, 6, 7, 8, 11, 12, 14, 15, 16, 21, 22, 25, 31, 73], "summary": {"covered_lines": 17, "num_statements": 17, "percent_covered": 100.0, "percent_covered_display": "100", "missing_lines": 0, "excluded_lines": 0, "percent_statements_covered": 100.0, "percent_statements_covered_display": "100"}, "missing_lines": [], "excluded_lines": []}}, "classes": {"": {"executed_lines": [1, 3, 4, 5, 6, 7, 8, 11, 12, 14, 15, 16, 21, 22, 25, 28, 31, 50, 51, 53, 62, 63, 65, 66, 67, 68, 70, 73, 79, 80, 81, 82, 83, 84, 85, 86], "summary": {"covered_lines": 36, "num_statements": 36, "percent_covered": 100.0, "percent_covered_display": "100", "missing_lines": 0, "excluded_lines": 0, "percent_statements_covered": 100.0, "percent_statements_covered_display": "100"}, "missing_lines": [], "excluded_lines": []}}}, "qa_core/pdf_generator.py": {"executed_lines": [12, 13, 14, 16, 17, 18, 19, 25, 31, 32, 33, 34, 35, 44, 46, 47, 48, 49, 50, 51, 52, 61, 70, 72, 74, 75, 76, 77, 78, 84, 86, 87, 90, 91, 93, 94, 100, 101, 110, 111, 112, 115, 117, 118, 119, 120, 121, 122, 123, 124, 125, 126, 127, 128, 135, 138, 140, 141, 142, 143, 144, 150, 152, 153, 156, 158, 161, 162, 163, 165, 166, 167, 168, 169, 170, 178, 181, 182, 189, 191, 192, 193, 195, 196, 197, 198, 200, 212, 213, 214, 215, 216, 217, 218, 220, 221, 222, 223, 225, 226, 227, 228, 229, 231, 232, 240, 243, 244, 246, 247, 249, 250, 252, 253, 255, 263, 268, 270, 271, 272, 273, 274, 275, 276, 279, 282, 283, 286, 287, 288, 289, 290, 291, 292, 295, 296, 297, 299], "summary": {"covered_lines": 138, "num_statements": 141, "percent_covered": 97.87234042553192, "percent_covered_display": "98", "missing_lines": 3, "excluded_lines": 0, "percent_statements_covered": 97.87234042553192, "percent_statements_covered_display": "98"}, "missing_lines": [95, 96, 98], "excluded_lines": [], "functions": {"PDF.header": {"executed_lines": [33, 34, 35, 44], "summary": {"covered_lines": 4, "num_statements": 4, "percent_covered": 100.0, "percent_covered_display": "100", "missing_lines": 0, "excluded_lines": 0, "percent_statements_covered": 100.0, "percent_statements_covered_display": "100"}, "missing_lines": [], "excluded_lines": []}, "PDF.footer": {"executed_lines": [47, 48, 49, 50, 51, 52, 61, 70], "summary": {"covered_lines": 8, "num_statements": 8, "percent_covered": 100.0, "percent_covered_display": "100", "missing_lines": 0, "excluded_lines": 0, "percent_statements_covered": 100.0, "percent_statements_covered_display": "100"}, "missing_lines": [], "excluded_lines": []}, "PDF.divider": {"executed_lines": [74, 75, 76, 77, 78], "summary": {"covered_lines": 5, "num_statements": 5, "percent_covered": 100.0, "percent_covered_display": "100", "missing_lines": 0, "excluded_lines": 0, "percent_statements_covered": 100.0, "percent_statements_covered_display": "100"}, "missing_lines": [], "excluded_lines": []}, "clean_text_for_pdf": {"executed_lines": [86, 87, 90, 91, 93, 94, 100, 101, 110, 111, 112], "summary": {"covered_lines": 11, "num_statements": 14, "percent_covered": 78.57142857142857, "percent_covered_display": "79", "missing_lines": 3, "excluded_lines": 0, "percent_statements_covered": 78.57142857142857, "percent_statements_covered_display": "79"}, "missing_lines": [95, 96, 98], "excluded_lines": []}, "add_cover": {"executed_lines": [117, 118, 119, 120, 121, 122, 123, 124, 125, 126, 127, 128, 135], "summary": {"covered_lines": 13, "num_statements": 13, "percent_covered": 100.0, "percent_covered_display": "100", "missing_lines": 0, "excluded_lines": 0, "percent_statements_covered": 100.0, "percent_statements_covered_display": "100"}, "missing_lines": [], "excluded_lines": []}, "add_section_title": {"executed_lines": [140, 141, 142, 143, 144], "summary": {"covered_lines": 5, "num_statements": 5, "percent_covered": 100.0, "percent_covered_display": "100", "missing_lines": 0, "excluded_lines": 0, "percent_statements_covered": 100.0, "percent_statements_covered_display": "100"}, "missing_lines": [], "excluded_lines": []}, "add_test_case_table": {"executed_lines": [152, 153, 156, 158, 161, 162, 163, 165, 166, 167, 168, 169, 170, 178, 181, 182, 189, 191, 192, 193, 195, 196, 197, 198, 200, 212, 213, 214, 215, 216, 217, 218, 220, 221, 222, 223, 225, 226, 227, 228, 229, 231, 232], "summary": {"covered_lines": 43, "num_statements": 43, "percent_covered": 100.0, "percent_covered_display": "100", "missing_lines": 0, "excluded_lines": 0, "percent_statements_covered": 100.0, "percent_statements_covered_display": "100"}, "missing_lines": [], "excluded_lines": []}, "_normalize_test_plan_df": {"executed_lines": [243, 244, 246, 247, 249, 250, 252, 253, 255], "summary": {"covered_lines": 9, "num_statements": 9, "percent_covered": 100.0, "percent_covered_display": "100", "missing_lines": 0, "excluded_lines": 0, "percent_statements_covered": 100.0, "percent_statements_covered_display": "100"}, "missing_lines": [], "excluded_lines": []}, "generate_pdf_report": {"executed_lines": [268, 270, 271, 272, 273, 274, 275, 276, 279, 282, 283, 286, 287, 288, 289, 290, 291, 292, 295, 296, 297, 299], "summary": {"covered_lines": 22, "num_statements": 22, "percent_covered": 100.0, "percent_covered_display": "100", "missing_lines": 0, "excluded_lines": 0, "percent_statements_covered": 100.0, "percent_statements_covered_display": "100"}, "missing_lines": [], "excluded_lines": []}, "": {"executed_lines": [12, 13, 14, 16, 17, 18, 19, 25, 31, 32, 46, 72, 84, 115, 138, 150, 240, 263], "summary": {"covered_lines": 18, "num_statements": 18, "percent_covered": 100.0, "percent_covered_display": "100", "missing_lines": 0, "excluded_lines": 0, "percent_statements_covered": 100.0, "percent_statements_covered_display": "100"}, "missing_lines": [], "excluded_lines": []}}, "classes": {"PDF": {"executed_lines": [33, 34, 35, 44, 47, 48, 49, 50, 51, 52, 61, 70, 74, 75, 76, 77, 78], "summary": {"covered_lines": 17, "num_statements": 17, "percent_covered": 100.0, "percent_covered_display": "100", "missing_lines": 0, "excluded_lines": 0, "percent_statements_covered": 100.0, "percent_statements_covered_display": "100"}, "missing_lines": [], "excluded_lines": []}, "": {"executed_lines": [12, 13, 14, 16, 17, 18, 19, 25, 31, 32, 46, 72, 84, 86, 87, 90, 91, 93, 94, 100, 101, 110, 111, 112, 115, 117, 118, 119, 120, 121, 122, 123, 124, 125, 126, 127, 128, 135, 138, 140, 141, 142, 143, 144, 150, 152, 153, 156, 158, 161, 162, 163, 165, 166, 167, 168, 169, 170, 178, 181, 182, 189, 191, 192, 193, 195, 196, 197, 198, 200, 212, 213, 214, 215, 216, 217, 218, 220, 221, 222, 223, 225, 226, 227, 228, 229, 231, 232, 240, 243, 244, 246, 247, 249, 250, 252, 253, 255, 263, 268, 270, 271, 272, 273, 274, 275, 276, 279, 282, 283, 286, 287, 288, 289, 290, 291, 292, 295, 296, 297, 299], "summary": {"covered_lines": 121, "num_statements": 124, "percent_covered": 97.58064516129032, "percent_covered_display": "98", "missing_lines": 3, "excluded_lines": 0, "percent_statements_covered": 97.58064516129032, "percent_statements_covered_display": "98"}, "missing_lines": [95, 96, 98], "excluded_lines": []}}}, "qa_core/progress.py": {"executed_lines": [1, 8, 9, 10, 13, 14, 16, 24, 25, 26, 27, 28, 30, 32, 33, 34, 35, 37, 44, 45, 46, 47, 48, 52, 54, 55, 56, 57, 60, 61, 80, 81, 82, 83, 85], "summary": {"covered_lines": 33, "num_statements": 33, "percent_covered": 100.0, "percent_covered_display": "100", "missing_lines": 0, "excluded_lines": 0, "percent_statements_covered": 100.0, "percent_statements_covered_display": "100"}, "missing_lines": [], "excluded_lines": [], "functions": {"ProgressTracker.__init__": {"executed_lines": [24, 25, 26, 27, 28], "summary": {"covered_lines": 5, "num_statements": 5, "percent_covered": 100.0, "percent_covered_display": "100", "missing_lines": 0, "excluded_lines": 0, "percent_statements_covered": 100.0, "percent_statements_covered_display": "100"}, "missing_lines": [], "excluded_lines": []}, "ProgressTracker.start": {"executed_lines": [32, 33, 34, 35], "summary": {"covered_lines": 4, "num_statements": 4, "percent_covered": 100.0, "percent_covered_display": "100", "missing_lines": 0, "excluded_lines": 0, "percent_statements_covered": 100.0, "percent_statements_covered_display": "100"}, "missing_lines": [], "excluded_lines": []}, "ProgressTracker.update": {"executed_lines": [44, 45, 46, 47, 48], "summary": {"covered_lines": 5, "num_statements": 5, "percent_covered": 100.0, "percent_covered_display": "100", "missing_lines": 0, "excluded_lines": 0, "percent_statements_covered": 100.0, "percent_statements_covered_display": "100"}, "missing_lines": [], "excluded_lines": []}, "ProgressTracker.finish": {"executed_lines": [54, 55, 56, 57], "summary": {"covered_lines": 4, "num_statements": 4, "percent_covered": 100.0, "percent_covered_display": "100", "missing_lines": 0, "excluded_lines": 0, "percent_statements_covered": 100.0, "percent_statements_covered_display": "100"}, "missing_lines": [], "excluded_lines": []}, "track_progress": {"executed_lines": [80, 81, 82, 83, 85], "summary": {"covered_lines": 5, "num_statements": 5, "percent_covered": 100.0, "percent_covered_display": "100", "missing_lines": 0, "excluded_lines": 0, "percent_statements_covered": 100.0, "percent_statements_covered_display": "100"}, "missing_lines": [], "excluded_lines": []}, "": {"executed_lines": [1, 8, 9, 10, 13, 14, 16, 30, 37, 52, 60, 61], "summary": {"covered_lines": 10, "num_statements": 10, "percent_covered": 100.0, "percent_covered_display": "100", "missing_lines": 0, "excluded_lines": 0, "percent_statements_covered": 100.0, "percent_statements_covered_display": "100"}, "missing_lines": [], "excluded_lines": []}}, "classes": {"ProgressTracker": {"executed_lines": [24, 25, 26, 27, 28, 32, 33, 34, 35, 44, 45, 46, 47, 48, 54, 55, 56, 57], "summary": {"covered_lines": 18, "num_statements": 18, "percent_covered": 100.0, "percent_covered_display": "100", "missing_lines": 0, "excluded_lines": 0, "percent_statements_covered": 100.0, "percent_statements_covered_display": "100"}, "missing_lines": [], "excluded_lines": []}, "": {"executed_lines": [1, 8, 9, 10, 13, 14, 16, 30, 37, 52, 60, 61, 80, 81, 82, 83, 85], "summary": {"covered_lines": 15, "num_statements": 15, "percent_covered": 100.0, "percent_covered_display": "100", "missing_lines": 0, "excluded_lines": 0, "percent_statements_covered": 100.0, "percent_statements_covered_display": "100"}, "missing_lines": [], "excluded_lines": []}}}, "qa_core/prompts.py": {"executed_lines": [6, 40, 96, 165, 220], "summary": {"covered_lines": 5, "num_statements": 5, "percent_covered": 100.0, "percent_covered_display": "100", "missing_lines": 0, "excluded_lines": 0, "percent_statements_covered": 100.0, "percent_statements_covered_display": "100"}, "missing_lines": [], "excluded_lines": [], "functions": {"": {"executed_lines": [6, 40, 96, 165, 220], "summary": {"covered_lines": 5, "num_statements": 5, "percent_covered": 100.0, "percent_covered_display": "100", "missing_lines": 0, "excluded_lines": 0, "percent_statements_covered": 100.0, "percent_statements_covered_display": "100"}, "missing_lines": [], "excluded_lines": []}}, "classes": {"": {"executed_lines": [6, 40, 96, 165, 220], "summary": {"covered_lines": 5, "num_statements": 5, "percent_covered": 100.0, "percent_covered_display": "100", "missing_lines": 0, "excluded_lines": 0, "percent_statements_covered": 100.0, "percent_statements_covered_display": "100"}, "missing_lines": [], "excluded_lines": []}}}, "qa_core/schemas.py": {"executed_lines": [7, 10, 11, 12, 13, 14, 15, 18, 19, 21, 25, 26, 27, 29, 30, 33, 38, 39, 42, 44, 47, 48, 50, 51, 52, 53, 54, 56, 57, 58, 59, 63, 69, 70, 71, 80, 81, 83, 84, 85, 86, 87, 89, 90, 91, 93, 94, 95], "summary": {"covered_lines": 45, "num_statements": 45, "percent_covered": 100.0, "percent_covered_display": "100", "missing_lines": 0, "excluded_lines": 0, "percent_statements_covered": 100.0, "percent_statements_covered_display": "100"}, "missing_lines": [], "excluded_lines": [], "functions": {"UserStoryInput.sanitize_content": {"executed_lines": [29, 30, 33, 38, 39, 42, 44], "summary": {"covered_lines": 7, "num_statements": 7, "percent_covered": 100.0, "percent_covered_display": "100", "missing_lines": 0, "excluded_lines": 0, "percent_statements_covered": 100.0, "percent_statements_covered_display": "100"}, "missing_lines": [], "excluded_lines": []}, "AnalysisEditInput.sanitize_avaliacao": {"executed_lines": [59], "summary": {"covered_lines": 1, "num_statements": 1, "percent_covered": 100.0, "percent_covered_display": "100", "missing_lines": 0, "excluded_lines": 0, "percent_statements_covered": 100.0, "percent_statements_covered_display": "100"}, "missing_lines": [], "excluded_lines": []}, "AnalysisEditInput.sanitize_lists": {"executed_lines": [71], "summary": {"covered_lines": 1, "num_statements": 1, "percent_covered": 100.0, "percent_covered_display": "100", "missing_lines": 0, "excluded_lines": 0, "percent_statements_covered": 100.0, "percent_statements_covered_display": "100"}, "missing_lines": [], "excluded_lines": []}, "AnalysisReportInput.sanitize_text_fields": {"executed_lines": [93, 94, 95], "summary": {"covered_lines": 3, "num_statements": 3, "percent_covered": 100.0, "percent_covered_display": "100", "missing_lines": 0, "excluded_lines": 0, "percent_statements_covered": 100.0, "percent_statements_covered_display": "100"}, "missing_lines": [], "excluded_lines": []}, "": {"executed_lines": [7, 10, 11, 12, 13, 14, 15, 18, 19, 21, 25, 26, 27, 47, 48, 50, 51, 52, 53, 54, 56, 57, 58, 63, 69, 70, 80, 81, 83, 84, 85, 86, 87, 89, 90, 91], "summary": {"covered_lines": 33, "num_statements": 33, "percent_covered": 100.0, "percent_covered_display": "100", "missing_lines": 0, "excluded_lines": 0, "percent_statements_covered": 100.0, "percent_statements_covered_display": "100"}, "missing_lines": [], "excluded_lines": []}}, "classes": {"AnaliseUS": {"executed_lines": [], "summary": {"covered_lines": 0, "num_statements": 0, "percent_covered": 100.0, "percent_covered_display": "100", "missing_lines": 0, "excluded_lines": 0, "percent_statements_covered": 100.0, "percent_statements_covered_display": "100"}, "missing_lines": [], "excluded_lines": []}, "UserStoryInput": {"executed_lines": [29, 30, 33, 38, 39, 42, 44], "summary": {"covered_lines": 7, "num_statements": 7, "percent_covered": 100.0, "percent_covered_display": "100", "missing_lines": 0, "excluded_lines": 0, "percent_statements_covered": 100.0, "percent_statements_covered_display": "100"}, "missing_lines": [], "excluded_lines": []}, "AnalysisEditInput": {"executed_lines": [59, 71], "summary": {"covered_lines": 2, "num_statements": 2, "percent_covered": 100.0, "percent_covered_display": "100", "missing_lines": 0, "excluded_lines": 0, "percent_statements_covered": 100.0, "percent_statements_covered_display": "100"}, "missing_lines": [], "excluded_lines": []}, "AnalysisReportInput": {"executed_lines": [93, 94, 95], "summary": {"covered_lines": 3, "num_statements": 3, "percent_covered": 100.0, "percent_covered_display": "100", "missing_lines": 0, "excluded_lines": 0, "percent_statements_covered": 100.0, "percent_statements_covered_display": "100"}, "missing_lines": [], "excluded_lines": []}, "": {"executed_lines": [7, 10, 11, 12, 13, 14, 15, 18, 19, 21, 25, 26, 27, 47, 48, 50, 51, 52, 53, 54, 56, 57, 58, 63, 69, 70, 80, 81, 83, 84, 85, 86, 87, 89, 90, 91], "summary": {"covered_lines": 33, "num_statements": 33, "percent_covered": 100.0, "percent_covered_display": "100", "missing_lines": 0, "excluded_lines": 0, "percent_statements_covered": 100.0, "percent_statements_covered_display": "100"}, "missing_lines": [], "excluded_lines": []}}}, "qa_core/security.py": {"executed_lines": [1, 3, 4, 5, 7, 10, 21, 22, 25, 28, 36, 41, 44, 45, 47, 50, 61, 62, 64, 65, 66, 68, 71, 82, 85, 88, 91, 92, 93, 95, 98, 99, 104, 105, 106, 107, 109, 110, 112, 114, 116, 117, 118, 120, 123, 124, 128, 129, 131, 132, 134, 135, 137, 138, 140, 141], "summary": {"covered_lines": 53, "num_statements": 53, "percent_covered": 100.0, "percent_covered_display": "100", "missing_lines": 0, "excluded_lines": 0, "percent_statements_covered": 100.0, "percent_statements_covered_display": "100"}, "missing_lines": [], "excluded_lines": [], "functions": {"sanitize_for_logging": {"executed_lines": [21, 22, 25, 28, 36, 41, 44, 45, 47], "summary": {"covered_lines": 9, "num_statements": 9, "percent_covered": 100.0, "percent_covered_display": "100", "missing_lines": 0, "excluded_lines": 0, "percent_statements_covered": 100.0, "percent_statements_covered_display": "100"}, "missing_lines": [], "excluded_lines": []}, "validate_user_input_length": {"executed_lines": [61, 62, 64, 65, 66, 68], "summary": {"covered_lines": 6, "num_statements": 6, "percent_covered": 100.0, "percent_covered_display": "100", "missing_lines": 0, "excluded_lines": 0, "percent_statements_covered": 100.0, "percent_statements_covered_display": "100"}, "missing_lines": [], "excluded_lines": []}, "sanitize_filename": {"executed_lines": [82, 85, 88, 91, 92, 93, 95], "summary": {"covered_lines": 7, "num_statements": 7, "percent_covered": 100.0, "percent_covered_display": "100", "missing_lines": 0, "excluded_lines": 0, "percent_statements_covered": 100.0, "percent_statements_covered_display": "100"}, "missing_lines": [], "excluded_lines": []}, "RateLimiter.__init__": {"executed_lines": [105, 106, 107], "summary": {"covered_lines": 3, "num_statements": 3, "percent_covered": 100.0, "percent_covered_display": "100", "missing_lines": 0, "excluded_lines": 0, "percent_statements_covered": 100.0, "percent_statements_covered_display": "100"}, "missing_lines": [], "excluded_lines": []}, "RateLimiter.is_allowed": {"executed_lines": [110, 112, 114, 116, 117, 118, 120], "summary": {"covered_lines": 7, "num_statements": 7, "percent_covered": 100.0, "percent_covered_display": "100", "missing_lines": 0, "excluded_lines": 0, "percent_statements_covered": 100.0, "percent_statements_covered_display": "100"}, "missing_lines": [], "excluded_lines": []}, "SanitizedLogger.__init__": {"executed_lines": [129], "summary": {"covered_lines": 1, "num_statements": 1, "percent_covered": 100.0, "percent_covered_display": "100", "missing_lines": 0, "excluded_lines": 0, "percent_statements_covered": 100.0, "percent_statements_covered_display": "100"}, "missing_lines": [], "excluded_lines": []}, "SanitizedLogger.info": {"executed_lines": [132], "summary": {"covered_lines": 1, "num_statements": 1, "percent_covered": 100.0, "percent_covered_display": "100", "missing_lines": 0, "excluded_lines": 0, "percent_statements_covered": 100.0, "percent_statements_covered_display": "100"}, "missing_lines": [], "excluded_lines": []}, "SanitizedLogger.warning": {"executed_lines": [135], "summary": {"covered_lines": 1, "num_statements": 1, "percent_covered": 100.0, "percent_covered_display": "100", "missing_lines": 0, "excluded_lines": 0, "percent_statements_covered": 100.0, "percent_statements_covered_display": "100"}, "missing_lines": [], "excluded_lines": []}, "SanitizedLogger.error": {"executed_lines": [138], "summary": {"covered_lines": 1, "num_statements": 1, "percent_covered": 100.0, "percent_covered_display": "100", "missing_lines": 0, "excluded_lines": 0, "percent_statements_covered": 100.0, "percent_statements_covered_display": "100"}, "missing_lines": [], "excluded_lines": []}, "SanitizedLogger.debug": {"executed_lines": [141], "summary": {"covered_lines": 1, "num_statements": 1, "percent_covered": 100.0, "percent_covered_display": "100", "missing_lines": 0, "excluded_lines": 0, "percent_statements_covered": 100.0, "percent_statements_covered_display": "100"}, "missing_lines": [], "excluded_lines": []}, "": {"executed_lines": [1, 3, 4, 5, 7, 10, 50, 71, 98, 99, 104, 109, 123, 124, 128, 131, 134, 137, 140], "summary": {"covered_lines": 16, "num_statements": 16, "percent_covered": 100.0, "percent_covered_display": "100", "missing_lines": 0, "excluded_lines": 0, "percent_statements_covered": 100.0, "percent_statements_covered_display": "100"}, "missing_lines": [], "excluded_lines": []}}, "classes": {"RateLimiter": {"executed_lines": [105, 106, 107, 110, 112, 114, 116, 117, 118, 120], "summary": {"covered_lines": 10, "num_statements": 10, "percent_covered": 100.0, "percent_covered_display": "100", "missing_lines": 0, "excluded_lines": 0, "percent_statements_covered": 100.0, "percent_statements_covered_display": "100"}, "missing_lines": [], "excluded_lines": []}, "SanitizedLogger": {"executed_lines": [129, 132, 135, 138, 141], "summary": {"covered_lines": 5, "num_statements": 5, "percent_covered": 100.0, "percent_covered_display": "100", "missing_lines": 0, "excluded_lines": 0, "percent_statements_covered": 100.0, "percent_statements_covered_display": "100"}, "missing_lines": [], "excluded_lines": []}, "": {"executed_lines": [1, 3, 4, 5, 7, 10, 21, 22, 25, 28, 36, 41, 44, 45, 47, 50, 61, 62, 64, 65, 66, 68, 71, 82, 85, 88, 91, 92, 93, 95, 98, 99, 104, 109, 123, 124, 128, 131, 134, 137, 140], "summary": {"covered_lines": 38, "num_statements": 38, "percent_covered": 100.0, "percent_covered_display": "100", "missing_lines": 0, "excluded_lines": 0, "percent_statements_covered": 100.0, "percent_statements_covered_display": "100"}, "missing_lines": [], "excluded_lines": []}}}, "qa_core/state_manager.py": {"executed_lines": [8, 11, 17, 31, 32, 33, 36, 41, 42, 44, 45], "summary": {"covered_lines": 11, "num_statements": 11, "percent_covered": 100.0, "percent_covered_display": "100", "missing_lines": 0, "excluded_lines": 0, "percent_statements_covered": 100.0, "percent_statements_covered_display": "100"}, "missing_lines": [], "excluded_lines": [], "functions": {"initialize_state": {"executed_lines": [17, 31, 32, 33], "summary": {"covered_lines": 4, "num_statements": 4, "percent_covered": 100.0, "percent_covered_display": "100", "missing_lines": 0, "excluded_lines": 0, "percent_statements_covered": 100.0, "percent_statements_covered_display": "100"}, "missing_lines": [], "excluded_lines": []}, "reset_session": {"executed_lines": [41, 42, 44, 45], "summary": {"covered_lines": 4, "num_statements": 4, "percent_covered": 100.0, "percent_covered_display": "100", "missing_lines": 0, "excluded_lines": 0, "percent_statements_covered": 100.0, "percent_statements_covered_display": "100"}, "missing_lines": [], "excluded_lines": []}, "": {"executed_lines": [8, 11, 36], "summary": {"covered_lines": 3, "num_statements": 3, "percent_covered": 100.0, "percent_covered_display": "100", "missing_lines": 0, "excluded_lines": 0, "percent_statements_covered": 100.0, "percent_statements_covered_display": "100"}, "missing_lines": [], "excluded_lines": []}}, "classes": {"": {"executed_lines": [8, 11, 17, 31, 32, 33, 36, 41, 42, 44, 45], "summary": {"covered_lines": 11, "num_statements": 11, "percent_covered": 100.0, "percent_covered_display": "100", "missing_lines": 0, "excluded_lines": 0, "percent_statements_covered": 100.0, "percent_statements_covered_display": "100"}, "missing_lines": [], "excluded_lines": []}}}, "qa_core/text_utils.py": {"executed_lines": [1, 2, 3, 4, 12, 31, 32, 35, 62, 63, 65, 66, 67, 68, 69, 70, 78, 93, 94, 95, 96, 97, 98, 101, 115, 116, 117, 118, 119, 122, 131, 132, 133, 134, 135, 136, 137, 140, 156, 158, 159, 160, 162, 163, 164, 165, 173, 187, 188, 190, 191, 192, 193, 194, 195, 197, 205, 206], "summary": {"covered_lines": 58, "num_statements": 58, "percent_covered": 100.0, "percent_covered_display": "100", "missing_lines": 0, "excluded_lines": 0, "percent_statements_covered": 100.0, "percent_statements_covered_display": "100"}, "missing_lines": [], "excluded_lines": [], "functions": {"normalizar_string": {"executed_lines": [31, 32], "summary": {"covered_lines": 2, "num_statements": 2, "percent_covered": 100.0, "percent_covered_display": "100", "missing_lines": 0, "excluded_lines": 0, "percent_statements_covered": 100.0, "percent_statements_covered_display": "100"}, "missing_lines": [], "excluded_lines": []}, "gerar_nome_arquivo_seguro": {"executed_lines": [62, 63, 65, 66, 67, 68, 69, 70], "summary": {"covered_lines": 8, "num_statements": 8, "percent_covered": 100.0, "percent_covered_display": "100", "missing_lines": 0, "excluded_lines": 0, "percent_statements_covered": 100.0, "percent_statements_covered_display": "100"}, "missing_lines": [], "excluded_lines": []}, "get_flexible": {"executed_lines": [93, 94, 95, 96, 97, 98], "summary": {"covered_lines": 6, "num_statements": 6, "percent_covered": 100.0, "percent_covered_display": "100", "missing_lines": 0, "excluded_lines": 0, "percent_statements_covered": 100.0, "percent_statements_covered_display": "100"}, "missing_lines": [], "excluded_lines": []}, "clean_markdown_report": {"executed_lines": [115, 116, 117, 118, 119], "summary": {"covered_lines": 5, "num_statements": 5, "percent_covered": 100.0, "percent_covered_display": "100", "missing_lines": 0, "excluded_lines": 0, "percent_statements_covered": 100.0, "percent_statements_covered_display": "100"}, "missing_lines": [], "excluded_lines": []}, "extract_json_from_text": {"executed_lines": [131, 132, 133, 134, 135, 136, 137], "summary": {"covered_lines": 7, "num_statements": 7, "percent_covered": 100.0, "percent_covered_display": "100", "missing_lines": 0, "excluded_lines": 0, "percent_statements_covered": 100.0, "percent_statements_covered_display": "100"}, "missing_lines": [], "excluded_lines": []}, "parse_json_strict": {"executed_lines": [156, 158, 159, 160, 162, 163, 164, 165], "summary": {"covered_lines": 8, "num_statements": 8, "percent_covered": 100.0, "percent_covered_display": "100", "missing_lines": 0, "excluded_lines": 0, "percent_statements_covered": 100.0, "percent_statements_covered_display": "100"}, "missing_lines": [], "excluded_lines": []}, "gerar_relatorio_md_dos_cenarios": {"executed_lines": [187, 188, 190, 191, 192, 193, 194, 195, 197, 205, 206], "summary": {"covered_lines": 11, "num_statements": 11, "percent_covered": 100.0, "percent_covered_display": "100", "missing_lines": 0, "excluded_lines": 0, "percent_statements_covered": 100.0, "percent_statements_covered_display": "100"}, "missing_lines": [], "excluded_lines": []}, "": {"executed_lines": [1, 2, 3, 4, 12, 35, 78, 101, 122, 140, 173], "summary": {"covered_lines": 11, "num_statements": 11, "percent_covered": 100.0, "percent_covered_display": "100", "missing_lines": 0, "excluded_lines": 0, "percent_statements_covered": 100.0, "percent_statements_covered_display": "100"}, "missing_lines": [], "excluded_lines": []}}, "classes": {"": {"executed_lines": [1, 2, 3, 4, 12, 31, 32, 35, 62, 63, 65, 66, 67, 68, 69, 70, 78, 93, 94, 95, 96, 97, 98, 101, 115, 116, 117, 118, 119, 122, 131, 132, 133, 134, 135, 136, 137, 140, 156, 158, 159, 160, 162, 163, 164, 165, 173, 187, 188, 190, 191, 192, 193, 194, 195, 197, 205, 206], "summary": {"covered_lines": 58, "num_statements": 58, "percent_covered": 100.0, "percent_covered_display": "100", "missing_lines": 0, "excluded_lines": 0, "percent_statements_covered": 100.0, "percent_statements_covered_display": "100"}, "missing_lines": [], "excluded_lines": []}}}, "qa_core/utils/diff.py": {"executed_lines": [4, 7, 18, 19, 20, 21, 24, 25, 28, 29, 31, 36, 41, 53], "summary": {"covered_lines": 14, "num_statements": 14, "percent_covered": 100.0, "percent_covered_display": "100", "missing_lines": 0, "excluded_lines": 0, "percent_statements_covered": 100.0, "percent_statements_covered_display": "100"}, "missing_lines": [], "excluded_lines": [], "functions": {"generate_html_diff": {"executed_lines": [18, 19, 20, 21, 24, 25, 28, 29, 31, 36, 41, 53], "summary": {"covered_lines": 12, "num_statements": 12, "percent_covered": 100.0, "percent_covered_display": "100", "missing_lines": 0, "excluded_lines": 0, "percent_statements_covered": 100.0, "percent_statements_covered_display": "100"}, "missing_lines": [], "excluded_lines": []}, "": {"executed_lines": [4, 7], "summary": {"covered_lines": 2, "num_statements": 2, "percent_covered": 100.0, "percent_covered_display": "100", "missing_lines": 0, "excluded_lines": 0, "percent_statements_covered": 100.0, "percent_statements_covered_display": "100"}, "missing_lines": [], "excluded_lines": []}}, "classes": {"": {"executed_lines": [4, 7, 18, 19, 20, 21, 24, 25, 28, 29, 31, 36, 41, 53], "summary": {"covered_lines": 14, "num_statements": 14, "percent_covered": 100.0, "percent_covered_display": "100", "missing_lines": 0, "excluded_lines": 0, "percent_statements_covered": 100.0, "percent_statements_covered_display": "100"}, "missing_lines": [], "excluded_lines": []}}}}, "totals": {"covered_lines": 1248, "num_statements": 1290, "percent_covered": 96.74418604651163, "percent_covered_display": "97", "missing_lines": 42, "excluded_lines": 23, "percent_statements_covered": 96.74418604651163, "percent_statements_covered_display": "97"}}